Using pre-set license
Built from '2021.3/staging' branch; Version is '2021.3.1f1 (3b70a0754835) revision 3895456'; Using compiler version '192829333'; Build Type 'Release'
OS: 'Windows 10  (10.0.19044) 64bit Enterprise' Language: 'en' Physical Memory: 32487 MB
BatchMode: 1, IsHumanControllingUs: 0, StartBugReporterOnCrash: 0, Is64bit: 1, IsPro: 1

COMMAND LINE ARGUMENTS:
C:\Program Files\Unity\Hub\Editor\2021.3.1f1\Editor\Unity.exe
-adb2
-batchMode
-noUpm
-name
AssetImportWorker2
-projectPath
C:/Unity/SelectiveAttentionVR/SelectiveAttentionVR
-logFile
Logs/AssetImportWorker2.log
-srvPort
58520
Successfully changed project path to: C:/Unity/SelectiveAttentionVR/SelectiveAttentionVR
C:/Unity/SelectiveAttentionVR/SelectiveAttentionVR
[UnityMemory] Configuration Parameters - Can be set up in boot.config
    "memorysetup-bucket-allocator-granularity=16"
    "memorysetup-bucket-allocator-bucket-count=8"
    "memorysetup-bucket-allocator-block-size=33554432"
    "memorysetup-bucket-allocator-block-count=8"
    "memorysetup-main-allocator-block-size=16777216"
    "memorysetup-thread-allocator-block-size=16777216"
    "memorysetup-gfx-main-allocator-block-size=16777216"
    "memorysetup-gfx-thread-allocator-block-size=16777216"
    "memorysetup-cache-allocator-block-size=4194304"
    "memorysetup-typetree-allocator-block-size=2097152"
    "memorysetup-profiler-bucket-allocator-granularity=16"
    "memorysetup-profiler-bucket-allocator-bucket-count=8"
    "memorysetup-profiler-bucket-allocator-block-size=33554432"
    "memorysetup-profiler-bucket-allocator-block-count=8"
    "memorysetup-profiler-allocator-block-size=16777216"
    "memorysetup-profiler-editor-allocator-block-size=1048576"
    "memorysetup-temp-allocator-size-main=16777216"
    "memorysetup-job-temp-allocator-block-size=2097152"
    "memorysetup-job-temp-allocator-block-size-background=1048576"
    "memorysetup-job-temp-allocator-reduction-small-platforms=262144"
    "memorysetup-temp-allocator-size-background-worker=32768"
    "memorysetup-temp-allocator-size-job-worker=262144"
    "memorysetup-temp-allocator-size-preload-manager=33554432"
    "memorysetup-temp-allocator-size-nav-mesh-worker=65536"
    "memorysetup-temp-allocator-size-audio-worker=65536"
    "memorysetup-temp-allocator-size-cloud-worker=32768"
    "memorysetup-temp-allocator-size-gi-baking-worker=262144"
    "memorysetup-temp-allocator-size-gfx=262144"
Refreshing native plugins compatible for Editor in 178.84 ms, found 11 plugins.
Preloading 1 native plugins for Editor in 1.48 ms.
Initialize engine version: 2021.3.1f1 (3b70a0754835)
[Subsystems] Discovering subsystems at path C:/Program Files/Unity/Hub/Editor/2021.3.1f1/Editor/Data/Resources/UnitySubsystems
[Subsystems] Discovering subsystems at path C:/Unity/SelectiveAttentionVR/SelectiveAttentionVR/Assets
GfxDevice: creating device client; threaded=0; jobified=0
Direct3D:
    Version:  Direct3D 11.0 [level 11.1]
    Renderer: Intel(R) UHD Graphics (ID=0x9b41)
    Vendor:   Intel
    VRAM:     16243 MB
    Driver:   30.0.101.1338
Initialize mono
Mono path[0] = 'C:/Program Files/Unity/Hub/Editor/2021.3.1f1/Editor/Data/Managed'
Mono path[1] = 'C:/Program Files/Unity/Hub/Editor/2021.3.1f1/Editor/Data/MonoBleedingEdge/lib/mono/unityjit-win32'
Mono config path = 'C:/Program Files/Unity/Hub/Editor/2021.3.1f1/Editor/Data/MonoBleedingEdge/etc'
Using monoOptions --debugger-agent=transport=dt_socket,embedding=1,server=y,suspend=n,address=127.0.0.1:56128
Begin MonoManager ReloadAssembly
Registering precompiled unity dll's ...
Register platform support module: C:/Program Files/Unity/Hub/Editor/2021.3.1f1/Editor/Data/PlaybackEngines/WebGLSupport/UnityEditor.WebGL.Extensions.dll
Register platform support module: C:/Program Files/Unity/Hub/Editor/2021.3.1f1/Editor/Data/PlaybackEngines/AndroidPlayer/UnityEditor.Android.Extensions.dll
Register platform support module: C:/Program Files/Unity/Hub/Editor/2021.3.1f1/Editor/Data/PlaybackEngines/WindowsStandaloneSupport/UnityEditor.WindowsStandalone.Extensions.dll
Registered in 0.012571 seconds.
Native extension for WindowsStandalone target not found
Native extension for Android target not found
Native extension for WebGL target not found
Refreshing native plugins compatible for Editor in 176.16 ms, found 11 plugins.
Preloading 1 native plugins for Editor in 0.30 ms.
Mono: successfully reloaded assembly
- Completed reload, in  1.170 seconds
Domain Reload Profiling:
	ReloadAssembly (1171ms)
		BeginReloadAssembly (114ms)
			ExecutionOrderSort (0ms)
			DisableScriptedObjects (0ms)
			BackupInstance (0ms)
			ReleaseScriptingObjects (0ms)
			CreateAndSetChildDomain (1ms)
		EndReloadAssembly (836ms)
			LoadAssemblies (110ms)
			RebuildTransferFunctionScriptingTraits (0ms)
			SetupTypeCache (181ms)
			ReleaseScriptCaches (0ms)
			RebuildScriptCaches (57ms)
			SetupLoadedEditorAssemblies (518ms)
				LogAssemblyErrors (0ms)
				InitializePlatformSupportModulesInManaged (88ms)
				SetLoadedEditorAssemblies (1ms)
				RefreshPlugins (177ms)
				BeforeProcessingInitializeOnLoad (3ms)
				ProcessInitializeOnLoadAttributes (173ms)
				ProcessInitializeOnLoadMethodAttributes (77ms)
				AfterProcessingInitializeOnLoad (0ms)
				EditorAssembliesLoaded (0ms)
			ExecutionOrderSort2 (0ms)
			AwakeInstancesAfterBackupRestoration (0ms)
Platform modules already initialized, skipping
Registering precompiled user dll's ...
Registered in 0.014930 seconds.
Begin MonoManager ReloadAssembly
Symbol file LoadedFromMemory doesn't match image C:\Unity\SelectiveAttentionVR\SelectiveAttentionVR\Library\PackageCache\com.unity.visualscripting@1.7.6\Editor\VisualScripting.Core\Dependencies\DotNetZip\Unity.VisualScripting.IonicZip.dll
Symbol file LoadedFromMemory doesn't match image C:\Unity\SelectiveAttentionVR\SelectiveAttentionVR\Library\PackageCache\com.unity.visualscripting@1.7.6\Editor\VisualScripting.Core\Dependencies\YamlDotNet\Unity.VisualScripting.YamlDotNet.dll
Symbol file LoadedFromMemory is not a mono symbol file
Native extension for WindowsStandalone target not found
Native extension for Android target not found
Native extension for WebGL target not found
Refreshing native plugins compatible for Editor in 136.26 ms, found 11 plugins.
Preloading 1 native plugins for Editor in 0.14 ms.
Package Manager log level set to [2]
System.Reflection.TargetInvocationException: Exception has been thrown by the target of an invocation. ---> System.NullReferenceException: Object reference not set to an instance of an object
  at Unity.XR.Oculus.OculusLoader.AssetPathToAbsolutePath (System.String assetPath) [0x00041] in C:\Unity\SelectiveAttentionVR\SelectiveAttentionVR\Library\PackageCache\com.unity.xr.oculus@3.0.0\Runtime\OculusLoader.cs:257 
  at Unity.XR.Oculus.OculusLoader.EditorLoadOVRPlugin () [0x000b0] in C:\Unity\SelectiveAttentionVR\SelectiveAttentionVR\Library\PackageCache\com.unity.xr.oculus@3.0.0\Runtime\OculusLoader.cs:242 
  at (wrapper managed-to-native) System.Reflection.RuntimeMethodInfo.InternalInvoke(System.Reflection.RuntimeMethodInfo,object,object[],System.Exception&)
  at System.Reflection.RuntimeMethodInfo.Invoke (System.Object obj, System.Reflection.BindingFlags invokeAttr, System.Reflection.Binder binder, System.Object[] parameters, System.Globalization.CultureInfo culture) [0x0006a] in <6073cf49ed704e958b8a66d540dea948>:0 
   --- End of inner exception stack trace ---
  at System.Reflection.RuntimeMethodInfo.Invoke (System.Object obj, System.Reflection.BindingFlags invokeAttr, System.Reflection.Binder binder, System.Object[] parameters, System.Globalization.CultureInfo culture) [0x00083] in <6073cf49ed704e958b8a66d540dea948>:0 
  at System.Reflection.MethodBase.Invoke (System.Object obj, System.Object[] parameters) [0x00000] in <6073cf49ed704e958b8a66d540dea948>:0 
  at UnityEditor.EditorAssemblies.ProcessInitializeOnLoadMethodAttributes () [0x000a5] in <1135c66e5f4c41a7831fa5798849d8b6>:0 
UnityEngine.StackTraceUtility:ExtractStackTrace ()
UnityEngine.DebugLogHandler:LogFormat (UnityEngine.LogType,UnityEngine.Object,string,object[])
UnityEngine.Logger:Log (UnityEngine.LogType,object)
UnityEngine.Debug:LogError (object)
UnityEditor.EditorAssemblies:ProcessInitializeOnLoadMethodAttributes ()

Mono: successfully reloaded assembly
- Completed reload, in  2.308 seconds
Domain Reload Profiling:
	ReloadAssembly (2309ms)
		BeginReloadAssembly (274ms)
			ExecutionOrderSort (0ms)
			DisableScriptedObjects (11ms)
			BackupInstance (0ms)
			ReleaseScriptingObjects (0ms)
			CreateAndSetChildDomain (131ms)
		EndReloadAssembly (1815ms)
			LoadAssemblies (132ms)
			RebuildTransferFunctionScriptingTraits (0ms)
			SetupTypeCache (476ms)
			ReleaseScriptCaches (1ms)
			RebuildScriptCaches (104ms)
			SetupLoadedEditorAssemblies (1009ms)
				LogAssemblyErrors (0ms)
				InitializePlatformSupportModulesInManaged (29ms)
				SetLoadedEditorAssemblies (0ms)
				RefreshPlugins (137ms)
				BeforeProcessingInitializeOnLoad (188ms)
				ProcessInitializeOnLoadAttributes (567ms)
				ProcessInitializeOnLoadMethodAttributes (69ms)
				AfterProcessingInitializeOnLoad (18ms)
				EditorAssembliesLoaded (0ms)
			ExecutionOrderSort2 (0ms)
			AwakeInstancesAfterBackupRestoration (7ms)
Platform modules already initialized, skipping
========================================================================
Worker process is ready to serve import requests
Launched and connected shader compiler UnityShaderCompiler.exe after 0.11 seconds
Refreshing native plugins compatible for Editor in 1.51 ms, found 11 plugins.
Preloading 1 native plugins for Editor in 0.15 ms.
Unloading 3928 Unused Serialized files (Serialized files now loaded: 0)
Unloading 45 unused Assets / (114.1 KB). Loaded Objects now: 4383.
Memory consumption went from 141.8 MB to 141.7 MB.
Total: 3.780800 ms (FindLiveObjects: 0.337000 ms CreateObjectMapping: 0.262800 ms MarkObjects: 3.005800 ms  DeleteObjects: 0.173800 ms)

AssetImportParameters requested are different than current active one (requested -> active):
  custom:video-decoder-ogg-theora: a1e56fd34408186e4bbccfd4996cb3dc -> 
  custom:container-muxer-webm: aa71ff27fc2769a1b78a27578f13a17b -> 
  custom:container-demuxer-webm: 4f35f7cbe854078d1ac9338744f61a02 -> 
  custom:video-encoder-webm-vp8: eb34c28f22e8b96e1ab97ce403110664 -> 
  custom:audio-encoder-webm-vorbis: bf7c407c2cedff20999df2af8eb42d56 -> 
  custom:framework-win-MediaFoundation: 216162199b28c13a410421893ffa2e32 -> 
  custom:container-demuxer-ogg: 62fdf1f143b41e24485cea50d1cbac27 -> 
  custom:video-decoder-webm-vp8: 9c59270c3fd7afecdb556c50c9e8de78 -> 
  custom:audio-decoder-ogg-vorbis: bf7c407c2cedff20999df2af8eb42d56 -> 
========================================================================
Received Import Request.
  Time since last request: 274650.996885 seconds.
  path: Assets/Scripts/StimuliController.cs
  artifactKey: Guid(04b46f7175309ad45820970d9d8d7e61) Importer(815301076,1909f56bfc062723c751e8b465ee728b)
Start importing Assets/Scripts/StimuliController.cs using Guid(04b46f7175309ad45820970d9d8d7e61) Importer(815301076,1909f56bfc062723c751e8b465ee728b)  -> (artifact id: '71efc6f5e80a1adf9ea9c3691e6b0c52') in 0.035258 seconds 
========================================================================
Received Prepare
Registering precompiled user dll's ...
Registered in 0.009352 seconds.
Begin MonoManager ReloadAssembly
Symbol file LoadedFromMemory doesn't match image C:\Unity\SelectiveAttentionVR\SelectiveAttentionVR\Library\PackageCache\com.unity.visualscripting@1.7.6\Editor\VisualScripting.Core\Dependencies\DotNetZip\Unity.VisualScripting.IonicZip.dll
Symbol file LoadedFromMemory doesn't match image C:\Unity\SelectiveAttentionVR\SelectiveAttentionVR\Library\PackageCache\com.unity.visualscripting@1.7.6\Editor\VisualScripting.Core\Dependencies\YamlDotNet\Unity.VisualScripting.YamlDotNet.dll
Symbol file LoadedFromMemory is not a mono symbol file
Native extension for WindowsStandalone target not found
Native extension for Android target not found
Native extension for WebGL target not found
Refreshing native plugins compatible for Editor in 1.77 ms, found 11 plugins.
Preloading 1 native plugins for Editor in 0.18 ms.
System.Reflection.TargetInvocationException: Exception has been thrown by the target of an invocation. ---> System.NullReferenceException: Object reference not set to an instance of an object
  at Unity.XR.Oculus.OculusLoader.AssetPathToAbsolutePath (System.String assetPath) [0x00041] in C:\Unity\SelectiveAttentionVR\SelectiveAttentionVR\Library\PackageCache\com.unity.xr.oculus@3.0.0\Runtime\OculusLoader.cs:257 
  at Unity.XR.Oculus.OculusLoader.EditorLoadOVRPlugin () [0x000b0] in C:\Unity\SelectiveAttentionVR\SelectiveAttentionVR\Library\PackageCache\com.unity.xr.oculus@3.0.0\Runtime\OculusLoader.cs:242 
  at (wrapper managed-to-native) System.Reflection.RuntimeMethodInfo.InternalInvoke(System.Reflection.RuntimeMethodInfo,object,object[],System.Exception&)
  at System.Reflection.RuntimeMethodInfo.Invoke (System.Object obj, System.Reflection.BindingFlags invokeAttr, System.Reflection.Binder binder, System.Object[] parameters, System.Globalization.CultureInfo culture) [0x0006a] in <6073cf49ed704e958b8a66d540dea948>:0 
   --- End of inner exception stack trace ---
  at System.Reflection.RuntimeMethodInfo.Invoke (System.Object obj, System.Reflection.BindingFlags invokeAttr, System.Reflection.Binder binder, System.Object[] parameters, System.Globalization.CultureInfo culture) [0x00083] in <6073cf49ed704e958b8a66d540dea948>:0 
  at System.Reflection.MethodBase.Invoke (System.Object obj, System.Object[] parameters) [0x00000] in <6073cf49ed704e958b8a66d540dea948>:0 
  at UnityEditor.EditorAssemblies.ProcessInitializeOnLoadMethodAttributes () [0x000a5] in <1135c66e5f4c41a7831fa5798849d8b6>:0 
UnityEngine.StackTraceUtility:ExtractStackTrace ()
UnityEngine.DebugLogHandler:LogFormat (UnityEngine.LogType,UnityEngine.Object,string,object[])
UnityEngine.Logger:Log (UnityEngine.LogType,object)
UnityEngine.Debug:LogError (object)
UnityEditor.EditorAssemblies:ProcessInitializeOnLoadMethodAttributes ()

Mono: successfully reloaded assembly
- Completed reload, in  1.910 seconds
Domain Reload Profiling:
	ReloadAssembly (1911ms)
		BeginReloadAssembly (192ms)
			ExecutionOrderSort (0ms)
			DisableScriptedObjects (7ms)
			BackupInstance (0ms)
			ReleaseScriptingObjects (0ms)
			CreateAndSetChildDomain (56ms)
		EndReloadAssembly (1543ms)
			LoadAssemblies (135ms)
			RebuildTransferFunctionScriptingTraits (0ms)
			SetupTypeCache (470ms)
			ReleaseScriptCaches (2ms)
			RebuildScriptCaches (75ms)
			SetupLoadedEditorAssemblies (735ms)
				LogAssemblyErrors (0ms)
				InitializePlatformSupportModulesInManaged (46ms)
				SetLoadedEditorAssemblies (1ms)
				RefreshPlugins (2ms)
				BeforeProcessingInitializeOnLoad (150ms)
				ProcessInitializeOnLoadAttributes (466ms)
				ProcessInitializeOnLoadMethodAttributes (59ms)
				AfterProcessingInitializeOnLoad (11ms)
				EditorAssembliesLoaded (0ms)
			ExecutionOrderSort2 (0ms)
			AwakeInstancesAfterBackupRestoration (7ms)
Platform modules already initialized, skipping
Refreshing native plugins compatible for Editor in 6.75 ms, found 11 plugins.
Preloading 1 native plugins for Editor in 0.10 ms.
Unloading 3905 Unused Serialized files (Serialized files now loaded: 0)
Unloading 35 unused Assets / (81.5 KB). Loaded Objects now: 4387.
Memory consumption went from 141.2 MB to 141.2 MB.
Total: 4.238200 ms (FindLiveObjects: 0.347200 ms CreateObjectMapping: 0.243700 ms MarkObjects: 3.501000 ms  DeleteObjects: 0.144800 ms)

AssetImportParameters requested are different than current active one (requested -> active):
  custom:video-decoder-ogg-theora: a1e56fd34408186e4bbccfd4996cb3dc -> 
  custom:container-muxer-webm: aa71ff27fc2769a1b78a27578f13a17b -> 
  custom:container-demuxer-webm: 4f35f7cbe854078d1ac9338744f61a02 -> 
  custom:video-encoder-webm-vp8: eb34c28f22e8b96e1ab97ce403110664 -> 
  custom:audio-encoder-webm-vorbis: bf7c407c2cedff20999df2af8eb42d56 -> 
  custom:framework-win-MediaFoundation: 216162199b28c13a410421893ffa2e32 -> 
  custom:container-demuxer-ogg: 62fdf1f143b41e24485cea50d1cbac27 -> 
  custom:video-decoder-webm-vp8: 9c59270c3fd7afecdb556c50c9e8de78 -> 
  custom:audio-decoder-ogg-vorbis: bf7c407c2cedff20999df2af8eb42d56 -> 
========================================================================
Received Prepare
Registering precompiled user dll's ...
Registered in 0.012838 seconds.
Begin MonoManager ReloadAssembly
Symbol file LoadedFromMemory doesn't match image C:\Unity\SelectiveAttentionVR\SelectiveAttentionVR\Library\PackageCache\com.unity.visualscripting@1.7.6\Editor\VisualScripting.Core\Dependencies\DotNetZip\Unity.VisualScripting.IonicZip.dll
Symbol file LoadedFromMemory doesn't match image C:\Unity\SelectiveAttentionVR\SelectiveAttentionVR\Library\PackageCache\com.unity.visualscripting@1.7.6\Editor\VisualScripting.Core\Dependencies\YamlDotNet\Unity.VisualScripting.YamlDotNet.dll
Symbol file LoadedFromMemory is not a mono symbol file
Native extension for WindowsStandalone target not found
Native extension for Android target not found
Native extension for WebGL target not found
Refreshing native plugins compatible for Editor in 1.49 ms, found 11 plugins.
Preloading 1 native plugins for Editor in 0.13 ms.
System.Reflection.TargetInvocationException: Exception has been thrown by the target of an invocation. ---> System.NullReferenceException: Object reference not set to an instance of an object
  at Unity.XR.Oculus.OculusLoader.AssetPathToAbsolutePath (System.String assetPath) [0x00041] in C:\Unity\SelectiveAttentionVR\SelectiveAttentionVR\Library\PackageCache\com.unity.xr.oculus@3.0.0\Runtime\OculusLoader.cs:257 
  at Unity.XR.Oculus.OculusLoader.EditorLoadOVRPlugin () [0x000b0] in C:\Unity\SelectiveAttentionVR\SelectiveAttentionVR\Library\PackageCache\com.unity.xr.oculus@3.0.0\Runtime\OculusLoader.cs:242 
  at (wrapper managed-to-native) System.Reflection.RuntimeMethodInfo.InternalInvoke(System.Reflection.RuntimeMethodInfo,object,object[],System.Exception&)
  at System.Reflection.RuntimeMethodInfo.Invoke (System.Object obj, System.Reflection.BindingFlags invokeAttr, System.Reflection.Binder binder, System.Object[] parameters, System.Globalization.CultureInfo culture) [0x0006a] in <6073cf49ed704e958b8a66d540dea948>:0 
   --- End of inner exception stack trace ---
  at System.Reflection.RuntimeMethodInfo.Invoke (System.Object obj, System.Reflection.BindingFlags invokeAttr, System.Reflection.Binder binder, System.Object[] parameters, System.Globalization.CultureInfo culture) [0x00083] in <6073cf49ed704e958b8a66d540dea948>:0 
  at System.Reflection.MethodBase.Invoke (System.Object obj, System.Object[] parameters) [0x00000] in <6073cf49ed704e958b8a66d540dea948>:0 
  at UnityEditor.EditorAssemblies.ProcessInitializeOnLoadMethodAttributes () [0x000a5] in <1135c66e5f4c41a7831fa5798849d8b6>:0 
UnityEngine.StackTraceUtility:ExtractStackTrace ()
UnityEngine.DebugLogHandler:LogFormat (UnityEngine.LogType,UnityEngine.Object,string,object[])
UnityEngine.Logger:Log (UnityEngine.LogType,object)
UnityEngine.Debug:LogError (object)
UnityEditor.EditorAssemblies:ProcessInitializeOnLoadMethodAttributes ()

Mono: successfully reloaded assembly
- Completed reload, in  1.893 seconds
Domain Reload Profiling:
	ReloadAssembly (1895ms)
		BeginReloadAssembly (464ms)
			ExecutionOrderSort (0ms)
			DisableScriptedObjects (9ms)
			BackupInstance (0ms)
			ReleaseScriptingObjects (0ms)
			CreateAndSetChildDomain (60ms)
		EndReloadAssembly (1271ms)
			LoadAssemblies (374ms)
			RebuildTransferFunctionScriptingTraits (0ms)
			SetupTypeCache (399ms)
			ReleaseScriptCaches (2ms)
			RebuildScriptCaches (64ms)
			SetupLoadedEditorAssemblies (615ms)
				LogAssemblyErrors (0ms)
				InitializePlatformSupportModulesInManaged (35ms)
				SetLoadedEditorAssemblies (1ms)
				RefreshPlugins (2ms)
				BeforeProcessingInitializeOnLoad (117ms)
				ProcessInitializeOnLoadAttributes (395ms)
				ProcessInitializeOnLoadMethodAttributes (52ms)
				AfterProcessingInitializeOnLoad (14ms)
				EditorAssembliesLoaded (0ms)
			ExecutionOrderSort2 (0ms)
			AwakeInstancesAfterBackupRestoration (7ms)
Platform modules already initialized, skipping
Refreshing native plugins compatible for Editor in 6.03 ms, found 11 plugins.
Preloading 1 native plugins for Editor in 0.08 ms.
Unloading 3905 Unused Serialized files (Serialized files now loaded: 0)
Unloading 35 unused Assets / (81.5 KB). Loaded Objects now: 4391.
Memory consumption went from 141.3 MB to 141.2 MB.
Total: 4.205600 ms (FindLiveObjects: 0.444200 ms CreateObjectMapping: 0.387500 ms MarkObjects: 3.250200 ms  DeleteObjects: 0.122300 ms)

AssetImportParameters requested are different than current active one (requested -> active):
  custom:video-decoder-ogg-theora: a1e56fd34408186e4bbccfd4996cb3dc -> 
  custom:container-muxer-webm: aa71ff27fc2769a1b78a27578f13a17b -> 
  custom:container-demuxer-webm: 4f35f7cbe854078d1ac9338744f61a02 -> 
  custom:video-encoder-webm-vp8: eb34c28f22e8b96e1ab97ce403110664 -> 
  custom:audio-encoder-webm-vorbis: bf7c407c2cedff20999df2af8eb42d56 -> 
  custom:framework-win-MediaFoundation: 216162199b28c13a410421893ffa2e32 -> 
  custom:container-demuxer-ogg: 62fdf1f143b41e24485cea50d1cbac27 -> 
  custom:video-decoder-webm-vp8: 9c59270c3fd7afecdb556c50c9e8de78 -> 
  custom:audio-decoder-ogg-vorbis: bf7c407c2cedff20999df2af8eb42d56 -> 
========================================================================
Received Prepare
Registering precompiled user dll's ...
Registered in 0.014378 seconds.
Begin MonoManager ReloadAssembly
Symbol file LoadedFromMemory doesn't match image C:\Unity\SelectiveAttentionVR\SelectiveAttentionVR\Library\PackageCache\com.unity.visualscripting@1.7.6\Editor\VisualScripting.Core\Dependencies\DotNetZip\Unity.VisualScripting.IonicZip.dll
Symbol file LoadedFromMemory doesn't match image C:\Unity\SelectiveAttentionVR\SelectiveAttentionVR\Library\PackageCache\com.unity.visualscripting@1.7.6\Editor\VisualScripting.Core\Dependencies\YamlDotNet\Unity.VisualScripting.YamlDotNet.dll
Symbol file LoadedFromMemory is not a mono symbol file
Native extension for WindowsStandalone target not found
Native extension for Android target not found
Native extension for WebGL target not found
Refreshing native plugins compatible for Editor in 1.84 ms, found 11 plugins.
Preloading 1 native plugins for Editor in 0.15 ms.
System.Reflection.TargetInvocationException: Exception has been thrown by the target of an invocation. ---> System.NullReferenceException: Object reference not set to an instance of an object
  at Unity.XR.Oculus.OculusLoader.AssetPathToAbsolutePath (System.String assetPath) [0x00041] in C:\Unity\SelectiveAttentionVR\SelectiveAttentionVR\Library\PackageCache\com.unity.xr.oculus@3.0.0\Runtime\OculusLoader.cs:257 
  at Unity.XR.Oculus.OculusLoader.EditorLoadOVRPlugin () [0x000b0] in C:\Unity\SelectiveAttentionVR\SelectiveAttentionVR\Library\PackageCache\com.unity.xr.oculus@3.0.0\Runtime\OculusLoader.cs:242 
  at (wrapper managed-to-native) System.Reflection.RuntimeMethodInfo.InternalInvoke(System.Reflection.RuntimeMethodInfo,object,object[],System.Exception&)
  at System.Reflection.RuntimeMethodInfo.Invoke (System.Object obj, System.Reflection.BindingFlags invokeAttr, System.Reflection.Binder binder, System.Object[] parameters, System.Globalization.CultureInfo culture) [0x0006a] in <6073cf49ed704e958b8a66d540dea948>:0 
   --- End of inner exception stack trace ---
  at System.Reflection.RuntimeMethodInfo.Invoke (System.Object obj, System.Reflection.BindingFlags invokeAttr, System.Reflection.Binder binder, System.Object[] parameters, System.Globalization.CultureInfo culture) [0x00083] in <6073cf49ed704e958b8a66d540dea948>:0 
  at System.Reflection.MethodBase.Invoke (System.Object obj, System.Object[] parameters) [0x00000] in <6073cf49ed704e958b8a66d540dea948>:0 
  at UnityEditor.EditorAssemblies.ProcessInitializeOnLoadMethodAttributes () [0x000a5] in <1135c66e5f4c41a7831fa5798849d8b6>:0 
UnityEngine.StackTraceUtility:ExtractStackTrace ()
UnityEngine.DebugLogHandler:LogFormat (UnityEngine.LogType,UnityEngine.Object,string,object[])
UnityEngine.Logger:Log (UnityEngine.LogType,object)
UnityEngine.Debug:LogError (object)
UnityEditor.EditorAssemblies:ProcessInitializeOnLoadMethodAttributes ()

Mono: successfully reloaded assembly
- Completed reload, in  1.830 seconds
Domain Reload Profiling:
	ReloadAssembly (1831ms)
		BeginReloadAssembly (175ms)
			ExecutionOrderSort (0ms)
			DisableScriptedObjects (5ms)
			BackupInstance (0ms)
			ReleaseScriptingObjects (0ms)
			CreateAndSetChildDomain (44ms)
		EndReloadAssembly (1509ms)
			LoadAssemblies (122ms)
			RebuildTransferFunctionScriptingTraits (0ms)
			SetupTypeCache (403ms)
			ReleaseScriptCaches (2ms)
			RebuildScriptCaches (79ms)
			SetupLoadedEditorAssemblies (769ms)
				LogAssemblyErrors (0ms)
				InitializePlatformSupportModulesInManaged (46ms)
				SetLoadedEditorAssemblies (1ms)
				RefreshPlugins (2ms)
				BeforeProcessingInitializeOnLoad (144ms)
				ProcessInitializeOnLoadAttributes (480ms)
				ProcessInitializeOnLoadMethodAttributes (68ms)
				AfterProcessingInitializeOnLoad (27ms)
				EditorAssembliesLoaded (1ms)
			ExecutionOrderSort2 (0ms)
			AwakeInstancesAfterBackupRestoration (13ms)
Platform modules already initialized, skipping
Refreshing native plugins compatible for Editor in 6.67 ms, found 11 plugins.
Preloading 1 native plugins for Editor in 0.08 ms.
Unloading 3905 Unused Serialized files (Serialized files now loaded: 0)
Unloading 35 unused Assets / (81.5 KB). Loaded Objects now: 4395.
Memory consumption went from 141.3 MB to 141.2 MB.
Total: 3.362600 ms (FindLiveObjects: 0.287000 ms CreateObjectMapping: 0.207200 ms MarkObjects: 2.714700 ms  DeleteObjects: 0.152800 ms)

AssetImportParameters requested are different than current active one (requested -> active):
  custom:video-decoder-ogg-theora: a1e56fd34408186e4bbccfd4996cb3dc -> 
  custom:container-muxer-webm: aa71ff27fc2769a1b78a27578f13a17b -> 
  custom:container-demuxer-webm: 4f35f7cbe854078d1ac9338744f61a02 -> 
  custom:video-encoder-webm-vp8: eb34c28f22e8b96e1ab97ce403110664 -> 
  custom:audio-encoder-webm-vorbis: bf7c407c2cedff20999df2af8eb42d56 -> 
  custom:framework-win-MediaFoundation: 216162199b28c13a410421893ffa2e32 -> 
  custom:container-demuxer-ogg: 62fdf1f143b41e24485cea50d1cbac27 -> 
  custom:video-decoder-webm-vp8: 9c59270c3fd7afecdb556c50c9e8de78 -> 
  custom:audio-decoder-ogg-vorbis: bf7c407c2cedff20999df2af8eb42d56 -> 
========================================================================
Received Prepare
Registering precompiled user dll's ...
Registered in 0.010127 seconds.
Begin MonoManager ReloadAssembly
Symbol file LoadedFromMemory doesn't match image C:\Unity\SelectiveAttentionVR\SelectiveAttentionVR\Library\PackageCache\com.unity.visualscripting@1.7.6\Editor\VisualScripting.Core\Dependencies\DotNetZip\Unity.VisualScripting.IonicZip.dll
Symbol file LoadedFromMemory doesn't match image C:\Unity\SelectiveAttentionVR\SelectiveAttentionVR\Library\PackageCache\com.unity.visualscripting@1.7.6\Editor\VisualScripting.Core\Dependencies\YamlDotNet\Unity.VisualScripting.YamlDotNet.dll
Symbol file LoadedFromMemory is not a mono symbol file
Native extension for WindowsStandalone target not found
Native extension for Android target not found
Native extension for WebGL target not found
Refreshing native plugins compatible for Editor in 1.39 ms, found 11 plugins.
Preloading 1 native plugins for Editor in 0.14 ms.
System.Reflection.TargetInvocationException: Exception has been thrown by the target of an invocation. ---> System.NullReferenceException: Object reference not set to an instance of an object
  at Unity.XR.Oculus.OculusLoader.AssetPathToAbsolutePath (System.String assetPath) [0x00041] in C:\Unity\SelectiveAttentionVR\SelectiveAttentionVR\Library\PackageCache\com.unity.xr.oculus@3.0.0\Runtime\OculusLoader.cs:257 
  at Unity.XR.Oculus.OculusLoader.EditorLoadOVRPlugin () [0x000b0] in C:\Unity\SelectiveAttentionVR\SelectiveAttentionVR\Library\PackageCache\com.unity.xr.oculus@3.0.0\Runtime\OculusLoader.cs:242 
  at (wrapper managed-to-native) System.Reflection.RuntimeMethodInfo.InternalInvoke(System.Reflection.RuntimeMethodInfo,object,object[],System.Exception&)
  at System.Reflection.RuntimeMethodInfo.Invoke (System.Object obj, System.Reflection.BindingFlags invokeAttr, System.Reflection.Binder binder, System.Object[] parameters, System.Globalization.CultureInfo culture) [0x0006a] in <6073cf49ed704e958b8a66d540dea948>:0 
   --- End of inner exception stack trace ---
  at System.Reflection.RuntimeMethodInfo.Invoke (System.Object obj, System.Reflection.BindingFlags invokeAttr, System.Reflection.Binder binder, System.Object[] parameters, System.Globalization.CultureInfo culture) [0x00083] in <6073cf49ed704e958b8a66d540dea948>:0 
  at System.Reflection.MethodBase.Invoke (System.Object obj, System.Object[] parameters) [0x00000] in <6073cf49ed704e958b8a66d540dea948>:0 
  at UnityEditor.EditorAssemblies.ProcessInitializeOnLoadMethodAttributes () [0x000a5] in <1135c66e5f4c41a7831fa5798849d8b6>:0 
UnityEngine.StackTraceUtility:ExtractStackTrace ()
UnityEngine.DebugLogHandler:LogFormat (UnityEngine.LogType,UnityEngine.Object,string,object[])
UnityEngine.Logger:Log (UnityEngine.LogType,object)
UnityEngine.Debug:LogError (object)
UnityEditor.EditorAssemblies:ProcessInitializeOnLoadMethodAttributes ()

Mono: successfully reloaded assembly
- Completed reload, in  1.829 seconds
Domain Reload Profiling:
	ReloadAssembly (1830ms)
		BeginReloadAssembly (202ms)
			ExecutionOrderSort (0ms)
			DisableScriptedObjects (8ms)
			BackupInstance (0ms)
			ReleaseScriptingObjects (0ms)
			CreateAndSetChildDomain (59ms)
		EndReloadAssembly (1413ms)
			LoadAssemblies (137ms)
			RebuildTransferFunctionScriptingTraits (0ms)
			SetupTypeCache (488ms)
			ReleaseScriptCaches (2ms)
			RebuildScriptCaches (77ms)
			SetupLoadedEditorAssemblies (622ms)
				LogAssemblyErrors (0ms)
				InitializePlatformSupportModulesInManaged (38ms)
				SetLoadedEditorAssemblies (1ms)
				RefreshPlugins (2ms)
				BeforeProcessingInitializeOnLoad (109ms)
				ProcessInitializeOnLoadAttributes (408ms)
				ProcessInitializeOnLoadMethodAttributes (50ms)
				AfterProcessingInitializeOnLoad (13ms)
				EditorAssembliesLoaded (0ms)
			ExecutionOrderSort2 (0ms)
			AwakeInstancesAfterBackupRestoration (7ms)
Platform modules already initialized, skipping
Refreshing native plugins compatible for Editor in 6.14 ms, found 11 plugins.
Preloading 1 native plugins for Editor in 0.13 ms.
Unloading 3905 Unused Serialized files (Serialized files now loaded: 0)
Unloading 35 unused Assets / (81.6 KB). Loaded Objects now: 4399.
Memory consumption went from 141.3 MB to 141.2 MB.
Total: 6.014300 ms (FindLiveObjects: 0.380000 ms CreateObjectMapping: 0.513100 ms MarkObjects: 4.974200 ms  DeleteObjects: 0.145700 ms)

AssetImportParameters requested are different than current active one (requested -> active):
  custom:video-decoder-ogg-theora: a1e56fd34408186e4bbccfd4996cb3dc -> 
  custom:container-muxer-webm: aa71ff27fc2769a1b78a27578f13a17b -> 
  custom:container-demuxer-webm: 4f35f7cbe854078d1ac9338744f61a02 -> 
  custom:video-encoder-webm-vp8: eb34c28f22e8b96e1ab97ce403110664 -> 
  custom:audio-encoder-webm-vorbis: bf7c407c2cedff20999df2af8eb42d56 -> 
  custom:framework-win-MediaFoundation: 216162199b28c13a410421893ffa2e32 -> 
  custom:container-demuxer-ogg: 62fdf1f143b41e24485cea50d1cbac27 -> 
  custom:video-decoder-webm-vp8: 9c59270c3fd7afecdb556c50c9e8de78 -> 
  custom:audio-decoder-ogg-vorbis: bf7c407c2cedff20999df2af8eb42d56 -> 
========================================================================
Received Prepare
Registering precompiled user dll's ...
Registered in 0.015146 seconds.
Begin MonoManager ReloadAssembly
Symbol file LoadedFromMemory doesn't match image C:\Unity\SelectiveAttentionVR\SelectiveAttentionVR\Library\PackageCache\com.unity.visualscripting@1.7.6\Editor\VisualScripting.Core\Dependencies\DotNetZip\Unity.VisualScripting.IonicZip.dll
Symbol file LoadedFromMemory doesn't match image C:\Unity\SelectiveAttentionVR\SelectiveAttentionVR\Library\PackageCache\com.unity.visualscripting@1.7.6\Editor\VisualScripting.Core\Dependencies\YamlDotNet\Unity.VisualScripting.YamlDotNet.dll
Symbol file LoadedFromMemory is not a mono symbol file
Native extension for WindowsStandalone target not found
Native extension for Android target not found
Native extension for WebGL target not found
Refreshing native plugins compatible for Editor in 1.48 ms, found 11 plugins.
Preloading 1 native plugins for Editor in 0.14 ms.
System.Reflection.TargetInvocationException: Exception has been thrown by the target of an invocation. ---> System.NullReferenceException: Object reference not set to an instance of an object
  at Unity.XR.Oculus.OculusLoader.AssetPathToAbsolutePath (System.String assetPath) [0x00041] in C:\Unity\SelectiveAttentionVR\SelectiveAttentionVR\Library\PackageCache\com.unity.xr.oculus@3.0.0\Runtime\OculusLoader.cs:257 
  at Unity.XR.Oculus.OculusLoader.EditorLoadOVRPlugin () [0x000b0] in C:\Unity\SelectiveAttentionVR\SelectiveAttentionVR\Library\PackageCache\com.unity.xr.oculus@3.0.0\Runtime\OculusLoader.cs:242 
  at (wrapper managed-to-native) System.Reflection.RuntimeMethodInfo.InternalInvoke(System.Reflection.RuntimeMethodInfo,object,object[],System.Exception&)
  at System.Reflection.RuntimeMethodInfo.Invoke (System.Object obj, System.Reflection.BindingFlags invokeAttr, System.Reflection.Binder binder, System.Object[] parameters, System.Globalization.CultureInfo culture) [0x0006a] in <6073cf49ed704e958b8a66d540dea948>:0 
   --- End of inner exception stack trace ---
  at System.Reflection.RuntimeMethodInfo.Invoke (System.Object obj, System.Reflection.BindingFlags invokeAttr, System.Reflection.Binder binder, System.Object[] parameters, System.Globalization.CultureInfo culture) [0x00083] in <6073cf49ed704e958b8a66d540dea948>:0 
  at System.Reflection.MethodBase.Invoke (System.Object obj, System.Object[] parameters) [0x00000] in <6073cf49ed704e958b8a66d540dea948>:0 
  at UnityEditor.EditorAssemblies.ProcessInitializeOnLoadMethodAttributes () [0x000a5] in <1135c66e5f4c41a7831fa5798849d8b6>:0 
UnityEngine.StackTraceUtility:ExtractStackTrace ()
UnityEngine.DebugLogHandler:LogFormat (UnityEngine.LogType,UnityEngine.Object,string,object[])
UnityEngine.Logger:Log (UnityEngine.LogType,object)
UnityEngine.Debug:LogError (object)
UnityEditor.EditorAssemblies:ProcessInitializeOnLoadMethodAttributes ()

Mono: successfully reloaded assembly
- Completed reload, in  1.878 seconds
Domain Reload Profiling:
	ReloadAssembly (1879ms)
		BeginReloadAssembly (214ms)
			ExecutionOrderSort (0ms)
			DisableScriptedObjects (8ms)
			BackupInstance (0ms)
			ReleaseScriptingObjects (0ms)
			CreateAndSetChildDomain (55ms)
		EndReloadAssembly (1480ms)
			LoadAssemblies (148ms)
			RebuildTransferFunctionScriptingTraits (0ms)
			SetupTypeCache (461ms)
			ReleaseScriptCaches (2ms)
			RebuildScriptCaches (74ms)
			SetupLoadedEditorAssemblies (712ms)
				LogAssemblyErrors (0ms)
				InitializePlatformSupportModulesInManaged (38ms)
				SetLoadedEditorAssemblies (1ms)
				RefreshPlugins (2ms)
				BeforeProcessingInitializeOnLoad (131ms)
				ProcessInitializeOnLoadAttributes (463ms)
				ProcessInitializeOnLoadMethodAttributes (61ms)
				AfterProcessingInitializeOnLoad (16ms)
				EditorAssembliesLoaded (0ms)
			ExecutionOrderSort2 (0ms)
			AwakeInstancesAfterBackupRestoration (8ms)
Platform modules already initialized, skipping
Refreshing native plugins compatible for Editor in 7.35 ms, found 11 plugins.
Preloading 1 native plugins for Editor in 0.11 ms.
Unloading 3905 Unused Serialized files (Serialized files now loaded: 0)
Unloading 35 unused Assets / (81.4 KB). Loaded Objects now: 4403.
Memory consumption went from 141.3 MB to 141.2 MB.
Total: 3.449900 ms (FindLiveObjects: 0.281700 ms CreateObjectMapping: 0.191600 ms MarkObjects: 2.883500 ms  DeleteObjects: 0.092100 ms)

AssetImportParameters requested are different than current active one (requested -> active):
  custom:video-decoder-ogg-theora: a1e56fd34408186e4bbccfd4996cb3dc -> 
  custom:container-muxer-webm: aa71ff27fc2769a1b78a27578f13a17b -> 
  custom:container-demuxer-webm: 4f35f7cbe854078d1ac9338744f61a02 -> 
  custom:video-encoder-webm-vp8: eb34c28f22e8b96e1ab97ce403110664 -> 
  custom:audio-encoder-webm-vorbis: bf7c407c2cedff20999df2af8eb42d56 -> 
  custom:framework-win-MediaFoundation: 216162199b28c13a410421893ffa2e32 -> 
  custom:container-demuxer-ogg: 62fdf1f143b41e24485cea50d1cbac27 -> 
  custom:video-decoder-webm-vp8: 9c59270c3fd7afecdb556c50c9e8de78 -> 
  custom:audio-decoder-ogg-vorbis: bf7c407c2cedff20999df2af8eb42d56 -> 
========================================================================
Received Prepare
Registering precompiled user dll's ...
Registered in 0.012631 seconds.
Begin MonoManager ReloadAssembly
Symbol file LoadedFromMemory doesn't match image C:\Unity\SelectiveAttentionVR\SelectiveAttentionVR\Library\PackageCache\com.unity.visualscripting@1.7.6\Editor\VisualScripting.Core\Dependencies\DotNetZip\Unity.VisualScripting.IonicZip.dll
Symbol file LoadedFromMemory doesn't match image C:\Unity\SelectiveAttentionVR\SelectiveAttentionVR\Library\PackageCache\com.unity.visualscripting@1.7.6\Editor\VisualScripting.Core\Dependencies\YamlDotNet\Unity.VisualScripting.YamlDotNet.dll
Symbol file LoadedFromMemory is not a mono symbol file
Native extension for WindowsStandalone target not found
Native extension for Android target not found
Native extension for WebGL target not found
Refreshing native plugins compatible for Editor in 0.89 ms, found 11 plugins.
Preloading 1 native plugins for Editor in 0.11 ms.
System.Reflection.TargetInvocationException: Exception has been thrown by the target of an invocation. ---> System.NullReferenceException: Object reference not set to an instance of an object
  at Unity.XR.Oculus.OculusLoader.AssetPathToAbsolutePath (System.String assetPath) [0x00041] in C:\Unity\SelectiveAttentionVR\SelectiveAttentionVR\Library\PackageCache\com.unity.xr.oculus@3.0.0\Runtime\OculusLoader.cs:257 
  at Unity.XR.Oculus.OculusLoader.EditorLoadOVRPlugin () [0x000b0] in C:\Unity\SelectiveAttentionVR\SelectiveAttentionVR\Library\PackageCache\com.unity.xr.oculus@3.0.0\Runtime\OculusLoader.cs:242 
  at (wrapper managed-to-native) System.Reflection.RuntimeMethodInfo.InternalInvoke(System.Reflection.RuntimeMethodInfo,object,object[],System.Exception&)
  at System.Reflection.RuntimeMethodInfo.Invoke (System.Object obj, System.Reflection.BindingFlags invokeAttr, System.Reflection.Binder binder, System.Object[] parameters, System.Globalization.CultureInfo culture) [0x0006a] in <6073cf49ed704e958b8a66d540dea948>:0 
   --- End of inner exception stack trace ---
  at System.Reflection.RuntimeMethodInfo.Invoke (System.Object obj, System.Reflection.BindingFlags invokeAttr, System.Reflection.Binder binder, System.Object[] parameters, System.Globalization.CultureInfo culture) [0x00083] in <6073cf49ed704e958b8a66d540dea948>:0 
  at System.Reflection.MethodBase.Invoke (System.Object obj, System.Object[] parameters) [0x00000] in <6073cf49ed704e958b8a66d540dea948>:0 
  at UnityEditor.EditorAssemblies.ProcessInitializeOnLoadMethodAttributes () [0x000a5] in <1135c66e5f4c41a7831fa5798849d8b6>:0 
UnityEngine.StackTraceUtility:ExtractStackTrace ()
UnityEngine.DebugLogHandler:LogFormat (UnityEngine.LogType,UnityEngine.Object,string,object[])
UnityEngine.Logger:Log (UnityEngine.LogType,object)
UnityEngine.Debug:LogError (object)
UnityEditor.EditorAssemblies:ProcessInitializeOnLoadMethodAttributes ()

Mono: successfully reloaded assembly
- Completed reload, in  1.804 seconds
Domain Reload Profiling:
	ReloadAssembly (1806ms)
		BeginReloadAssembly (182ms)
			ExecutionOrderSort (0ms)
			DisableScriptedObjects (6ms)
			BackupInstance (0ms)
			ReleaseScriptingObjects (0ms)
			CreateAndSetChildDomain (45ms)
		EndReloadAssembly (1467ms)
			LoadAssemblies (123ms)
			RebuildTransferFunctionScriptingTraits (0ms)
			SetupTypeCache (415ms)
			ReleaseScriptCaches (2ms)
			RebuildScriptCaches (74ms)
			SetupLoadedEditorAssemblies (760ms)
				LogAssemblyErrors (0ms)
				InitializePlatformSupportModulesInManaged (37ms)
				SetLoadedEditorAssemblies (1ms)
				RefreshPlugins (1ms)
				BeforeProcessingInitializeOnLoad (143ms)
				ProcessInitializeOnLoadAttributes (492ms)
				ProcessInitializeOnLoadMethodAttributes (69ms)
				AfterProcessingInitializeOnLoad (17ms)
				EditorAssembliesLoaded (0ms)
			ExecutionOrderSort2 (0ms)
			AwakeInstancesAfterBackupRestoration (11ms)
Platform modules already initialized, skipping
Refreshing native plugins compatible for Editor in 7.22 ms, found 11 plugins.
Preloading 1 native plugins for Editor in 0.09 ms.
Unloading 3905 Unused Serialized files (Serialized files now loaded: 0)
Unloading 35 unused Assets / (80.6 KB). Loaded Objects now: 4407.
Memory consumption went from 141.4 MB to 141.3 MB.
Total: 3.612200 ms (FindLiveObjects: 0.293600 ms CreateObjectMapping: 0.208700 ms MarkObjects: 3.015400 ms  DeleteObjects: 0.093300 ms)

AssetImportParameters requested are different than current active one (requested -> active):
  custom:video-decoder-ogg-theora: a1e56fd34408186e4bbccfd4996cb3dc -> 
  custom:container-muxer-webm: aa71ff27fc2769a1b78a27578f13a17b -> 
  custom:container-demuxer-webm: 4f35f7cbe854078d1ac9338744f61a02 -> 
  custom:video-encoder-webm-vp8: eb34c28f22e8b96e1ab97ce403110664 -> 
  custom:audio-encoder-webm-vorbis: bf7c407c2cedff20999df2af8eb42d56 -> 
  custom:framework-win-MediaFoundation: 216162199b28c13a410421893ffa2e32 -> 
  custom:container-demuxer-ogg: 62fdf1f143b41e24485cea50d1cbac27 -> 
  custom:video-decoder-webm-vp8: 9c59270c3fd7afecdb556c50c9e8de78 -> 
  custom:audio-decoder-ogg-vorbis: bf7c407c2cedff20999df2af8eb42d56 -> 
========================================================================
Received Prepare
Registering precompiled user dll's ...
Registered in 0.011785 seconds.
Begin MonoManager ReloadAssembly
Symbol file LoadedFromMemory doesn't match image C:\Unity\SelectiveAttentionVR\SelectiveAttentionVR\Library\PackageCache\com.unity.visualscripting@1.7.6\Editor\VisualScripting.Core\Dependencies\DotNetZip\Unity.VisualScripting.IonicZip.dll
Symbol file LoadedFromMemory doesn't match image C:\Unity\SelectiveAttentionVR\SelectiveAttentionVR\Library\PackageCache\com.unity.visualscripting@1.7.6\Editor\VisualScripting.Core\Dependencies\YamlDotNet\Unity.VisualScripting.YamlDotNet.dll
Symbol file LoadedFromMemory is not a mono symbol file
Native extension for WindowsStandalone target not found
Native extension for Android target not found
Native extension for WebGL target not found
Refreshing native plugins compatible for Editor in 1.78 ms, found 11 plugins.
Preloading 1 native plugins for Editor in 0.15 ms.
System.Reflection.TargetInvocationException: Exception has been thrown by the target of an invocation. ---> System.NullReferenceException: Object reference not set to an instance of an object
  at Unity.XR.Oculus.OculusLoader.AssetPathToAbsolutePath (System.String assetPath) [0x00041] in C:\Unity\SelectiveAttentionVR\SelectiveAttentionVR\Library\PackageCache\com.unity.xr.oculus@3.0.0\Runtime\OculusLoader.cs:257 
  at Unity.XR.Oculus.OculusLoader.EditorLoadOVRPlugin () [0x000b0] in C:\Unity\SelectiveAttentionVR\SelectiveAttentionVR\Library\PackageCache\com.unity.xr.oculus@3.0.0\Runtime\OculusLoader.cs:242 
  at (wrapper managed-to-native) System.Reflection.RuntimeMethodInfo.InternalInvoke(System.Reflection.RuntimeMethodInfo,object,object[],System.Exception&)
  at System.Reflection.RuntimeMethodInfo.Invoke (System.Object obj, System.Reflection.BindingFlags invokeAttr, System.Reflection.Binder binder, System.Object[] parameters, System.Globalization.CultureInfo culture) [0x0006a] in <6073cf49ed704e958b8a66d540dea948>:0 
   --- End of inner exception stack trace ---
  at System.Reflection.RuntimeMethodInfo.Invoke (System.Object obj, System.Reflection.BindingFlags invokeAttr, System.Reflection.Binder binder, System.Object[] parameters, System.Globalization.CultureInfo culture) [0x00083] in <6073cf49ed704e958b8a66d540dea948>:0 
  at System.Reflection.MethodBase.Invoke (System.Object obj, System.Object[] parameters) [0x00000] in <6073cf49ed704e958b8a66d540dea948>:0 
  at UnityEditor.EditorAssemblies.ProcessInitializeOnLoadMethodAttributes () [0x000a5] in <1135c66e5f4c41a7831fa5798849d8b6>:0 
UnityEngine.StackTraceUtility:ExtractStackTrace ()
UnityEngine.DebugLogHandler:LogFormat (UnityEngine.LogType,UnityEngine.Object,string,object[])
UnityEngine.Logger:Log (UnityEngine.LogType,object)
UnityEngine.Debug:LogError (object)
UnityEditor.EditorAssemblies:ProcessInitializeOnLoadMethodAttributes ()

Mono: successfully reloaded assembly
- Completed reload, in  1.966 seconds
Domain Reload Profiling:
	ReloadAssembly (1967ms)
		BeginReloadAssembly (199ms)
			ExecutionOrderSort (0ms)
			DisableScriptedObjects (6ms)
			BackupInstance (0ms)
			ReleaseScriptingObjects (0ms)
			CreateAndSetChildDomain (50ms)
		EndReloadAssembly (1577ms)
			LoadAssemblies (154ms)
			RebuildTransferFunctionScriptingTraits (0ms)
			SetupTypeCache (496ms)
			ReleaseScriptCaches (2ms)
			RebuildScriptCaches (73ms)
			SetupLoadedEditorAssemblies (756ms)
				LogAssemblyErrors (0ms)
				InitializePlatformSupportModulesInManaged (42ms)
				SetLoadedEditorAssemblies (1ms)
				RefreshPlugins (2ms)
				BeforeProcessingInitializeOnLoad (160ms)
				ProcessInitializeOnLoadAttributes (474ms)
				ProcessInitializeOnLoadMethodAttributes (62ms)
				AfterProcessingInitializeOnLoad (15ms)
				EditorAssembliesLoaded (0ms)
			ExecutionOrderSort2 (0ms)
			AwakeInstancesAfterBackupRestoration (9ms)
Platform modules already initialized, skipping
Refreshing native plugins compatible for Editor in 7.85 ms, found 11 plugins.
Preloading 1 native plugins for Editor in 0.11 ms.
Unloading 3905 Unused Serialized files (Serialized files now loaded: 0)
Unloading 35 unused Assets / (80.7 KB). Loaded Objects now: 4411.
Memory consumption went from 141.4 MB to 141.3 MB.
Total: 4.032300 ms (FindLiveObjects: 0.507900 ms CreateObjectMapping: 0.364200 ms MarkObjects: 3.043800 ms  DeleteObjects: 0.115100 ms)

AssetImportParameters requested are different than current active one (requested -> active):
  custom:video-decoder-ogg-theora: a1e56fd34408186e4bbccfd4996cb3dc -> 
  custom:container-muxer-webm: aa71ff27fc2769a1b78a27578f13a17b -> 
  custom:container-demuxer-webm: 4f35f7cbe854078d1ac9338744f61a02 -> 
  custom:video-encoder-webm-vp8: eb34c28f22e8b96e1ab97ce403110664 -> 
  custom:audio-encoder-webm-vorbis: bf7c407c2cedff20999df2af8eb42d56 -> 
  custom:framework-win-MediaFoundation: 216162199b28c13a410421893ffa2e32 -> 
  custom:container-demuxer-ogg: 62fdf1f143b41e24485cea50d1cbac27 -> 
  custom:video-decoder-webm-vp8: 9c59270c3fd7afecdb556c50c9e8de78 -> 
  custom:audio-decoder-ogg-vorbis: bf7c407c2cedff20999df2af8eb42d56 -> 
========================================================================
Received Prepare
Registering precompiled user dll's ...
Registered in 0.013787 seconds.
Begin MonoManager ReloadAssembly
Symbol file LoadedFromMemory doesn't match image C:\Unity\SelectiveAttentionVR\SelectiveAttentionVR\Library\PackageCache\com.unity.visualscripting@1.7.6\Editor\VisualScripting.Core\Dependencies\DotNetZip\Unity.VisualScripting.IonicZip.dll
Symbol file LoadedFromMemory doesn't match image C:\Unity\SelectiveAttentionVR\SelectiveAttentionVR\Library\PackageCache\com.unity.visualscripting@1.7.6\Editor\VisualScripting.Core\Dependencies\YamlDotNet\Unity.VisualScripting.YamlDotNet.dll
Symbol file LoadedFromMemory is not a mono symbol file
Native extension for WindowsStandalone target not found
Native extension for Android target not found
Native extension for WebGL target not found
Refreshing native plugins compatible for Editor in 1.56 ms, found 11 plugins.
Preloading 1 native plugins for Editor in 0.17 ms.
System.Reflection.TargetInvocationException: Exception has been thrown by the target of an invocation. ---> System.NullReferenceException: Object reference not set to an instance of an object
  at Unity.XR.Oculus.OculusLoader.AssetPathToAbsolutePath (System.String assetPath) [0x00041] in C:\Unity\SelectiveAttentionVR\SelectiveAttentionVR\Library\PackageCache\com.unity.xr.oculus@3.0.0\Runtime\OculusLoader.cs:257 
  at Unity.XR.Oculus.OculusLoader.EditorLoadOVRPlugin () [0x000b0] in C:\Unity\SelectiveAttentionVR\SelectiveAttentionVR\Library\PackageCache\com.unity.xr.oculus@3.0.0\Runtime\OculusLoader.cs:242 
  at (wrapper managed-to-native) System.Reflection.RuntimeMethodInfo.InternalInvoke(System.Reflection.RuntimeMethodInfo,object,object[],System.Exception&)
  at System.Reflection.RuntimeMethodInfo.Invoke (System.Object obj, System.Reflection.BindingFlags invokeAttr, System.Reflection.Binder binder, System.Object[] parameters, System.Globalization.CultureInfo culture) [0x0006a] in <6073cf49ed704e958b8a66d540dea948>:0 
   --- End of inner exception stack trace ---
  at System.Reflection.RuntimeMethodInfo.Invoke (System.Object obj, System.Reflection.BindingFlags invokeAttr, System.Reflection.Binder binder, System.Object[] parameters, System.Globalization.CultureInfo culture) [0x00083] in <6073cf49ed704e958b8a66d540dea948>:0 
  at System.Reflection.MethodBase.Invoke (System.Object obj, System.Object[] parameters) [0x00000] in <6073cf49ed704e958b8a66d540dea948>:0 
  at UnityEditor.EditorAssemblies.ProcessInitializeOnLoadMethodAttributes () [0x000a5] in <1135c66e5f4c41a7831fa5798849d8b6>:0 
UnityEngine.StackTraceUtility:ExtractStackTrace ()
UnityEngine.DebugLogHandler:LogFormat (UnityEngine.LogType,UnityEngine.Object,string,object[])
UnityEngine.Logger:Log (UnityEngine.LogType,object)
UnityEngine.Debug:LogError (object)
UnityEditor.EditorAssemblies:ProcessInitializeOnLoadMethodAttributes ()

Mono: successfully reloaded assembly
- Completed reload, in  1.676 seconds
Domain Reload Profiling:
	ReloadAssembly (1677ms)
		BeginReloadAssembly (195ms)
			ExecutionOrderSort (0ms)
			DisableScriptedObjects (9ms)
			BackupInstance (0ms)
			ReleaseScriptingObjects (0ms)
			CreateAndSetChildDomain (51ms)
		EndReloadAssembly (1333ms)
			LoadAssemblies (123ms)
			RebuildTransferFunctionScriptingTraits (0ms)
			SetupTypeCache (436ms)
			ReleaseScriptCaches (2ms)
			RebuildScriptCaches (69ms)
			SetupLoadedEditorAssemblies (622ms)
				LogAssemblyErrors (0ms)
				InitializePlatformSupportModulesInManaged (41ms)
				SetLoadedEditorAssemblies (1ms)
				RefreshPlugins (2ms)
				BeforeProcessingInitializeOnLoad (113ms)
				ProcessInitializeOnLoadAttributes (414ms)
				ProcessInitializeOnLoadMethodAttributes (42ms)
				AfterProcessingInitializeOnLoad (10ms)
				EditorAssembliesLoaded (0ms)
			ExecutionOrderSort2 (0ms)
			AwakeInstancesAfterBackupRestoration (7ms)
Platform modules already initialized, skipping
Refreshing native plugins compatible for Editor in 7.18 ms, found 11 plugins.
Preloading 1 native plugins for Editor in 0.12 ms.
Unloading 3905 Unused Serialized files (Serialized files now loaded: 0)
Unloading 35 unused Assets / (80.7 KB). Loaded Objects now: 4415.
Memory consumption went from 141.4 MB to 141.3 MB.
Total: 4.938900 ms (FindLiveObjects: 0.367400 ms CreateObjectMapping: 0.338100 ms MarkObjects: 4.107600 ms  DeleteObjects: 0.124500 ms)

AssetImportParameters requested are different than current active one (requested -> active):
  custom:video-decoder-ogg-theora: a1e56fd34408186e4bbccfd4996cb3dc -> 
  custom:container-muxer-webm: aa71ff27fc2769a1b78a27578f13a17b -> 
  custom:container-demuxer-webm: 4f35f7cbe854078d1ac9338744f61a02 -> 
  custom:video-encoder-webm-vp8: eb34c28f22e8b96e1ab97ce403110664 -> 
  custom:audio-encoder-webm-vorbis: bf7c407c2cedff20999df2af8eb42d56 -> 
  custom:framework-win-MediaFoundation: 216162199b28c13a410421893ffa2e32 -> 
  custom:container-demuxer-ogg: 62fdf1f143b41e24485cea50d1cbac27 -> 
  custom:video-decoder-webm-vp8: 9c59270c3fd7afecdb556c50c9e8de78 -> 
  custom:audio-decoder-ogg-vorbis: bf7c407c2cedff20999df2af8eb42d56 -> 
========================================================================
Received Prepare
Registering precompiled user dll's ...
Registered in 0.012678 seconds.
Begin MonoManager ReloadAssembly
Symbol file LoadedFromMemory doesn't match image C:\Unity\SelectiveAttentionVR\SelectiveAttentionVR\Library\PackageCache\com.unity.visualscripting@1.7.6\Editor\VisualScripting.Core\Dependencies\DotNetZip\Unity.VisualScripting.IonicZip.dll
Symbol file LoadedFromMemory doesn't match image C:\Unity\SelectiveAttentionVR\SelectiveAttentionVR\Library\PackageCache\com.unity.visualscripting@1.7.6\Editor\VisualScripting.Core\Dependencies\YamlDotNet\Unity.VisualScripting.YamlDotNet.dll
Symbol file LoadedFromMemory is not a mono symbol file
Native extension for WindowsStandalone target not found
Native extension for Android target not found
Native extension for WebGL target not found
Refreshing native plugins compatible for Editor in 1.77 ms, found 11 plugins.
Preloading 1 native plugins for Editor in 0.18 ms.
System.Reflection.TargetInvocationException: Exception has been thrown by the target of an invocation. ---> System.NullReferenceException: Object reference not set to an instance of an object
  at Unity.XR.Oculus.OculusLoader.AssetPathToAbsolutePath (System.String assetPath) [0x00041] in C:\Unity\SelectiveAttentionVR\SelectiveAttentionVR\Library\PackageCache\com.unity.xr.oculus@3.0.0\Runtime\OculusLoader.cs:257 
  at Unity.XR.Oculus.OculusLoader.EditorLoadOVRPlugin () [0x000b0] in C:\Unity\SelectiveAttentionVR\SelectiveAttentionVR\Library\PackageCache\com.unity.xr.oculus@3.0.0\Runtime\OculusLoader.cs:242 
  at (wrapper managed-to-native) System.Reflection.RuntimeMethodInfo.InternalInvoke(System.Reflection.RuntimeMethodInfo,object,object[],System.Exception&)
  at System.Reflection.RuntimeMethodInfo.Invoke (System.Object obj, System.Reflection.BindingFlags invokeAttr, System.Reflection.Binder binder, System.Object[] parameters, System.Globalization.CultureInfo culture) [0x0006a] in <6073cf49ed704e958b8a66d540dea948>:0 
   --- End of inner exception stack trace ---
  at System.Reflection.RuntimeMethodInfo.Invoke (System.Object obj, System.Reflection.BindingFlags invokeAttr, System.Reflection.Binder binder, System.Object[] parameters, System.Globalization.CultureInfo culture) [0x00083] in <6073cf49ed704e958b8a66d540dea948>:0 
  at System.Reflection.MethodBase.Invoke (System.Object obj, System.Object[] parameters) [0x00000] in <6073cf49ed704e958b8a66d540dea948>:0 
  at UnityEditor.EditorAssemblies.ProcessInitializeOnLoadMethodAttributes () [0x000a5] in <1135c66e5f4c41a7831fa5798849d8b6>:0 
UnityEngine.StackTraceUtility:ExtractStackTrace ()
UnityEngine.DebugLogHandler:LogFormat (UnityEngine.LogType,UnityEngine.Object,string,object[])
UnityEngine.Logger:Log (UnityEngine.LogType,object)
UnityEngine.Debug:LogError (object)
UnityEditor.EditorAssemblies:ProcessInitializeOnLoadMethodAttributes ()

Mono: successfully reloaded assembly
- Completed reload, in  1.824 seconds
Domain Reload Profiling:
	ReloadAssembly (1825ms)
		BeginReloadAssembly (186ms)
			ExecutionOrderSort (0ms)
			DisableScriptedObjects (10ms)
			BackupInstance (0ms)
			ReleaseScriptingObjects (0ms)
			CreateAndSetChildDomain (48ms)
		EndReloadAssembly (1490ms)
			LoadAssemblies (123ms)
			RebuildTransferFunctionScriptingTraits (0ms)
			SetupTypeCache (405ms)
			ReleaseScriptCaches (2ms)
			RebuildScriptCaches (67ms)
			SetupLoadedEditorAssemblies (802ms)
				LogAssemblyErrors (0ms)
				InitializePlatformSupportModulesInManaged (45ms)
				SetLoadedEditorAssemblies (1ms)
				RefreshPlugins (2ms)
				BeforeProcessingInitializeOnLoad (142ms)
				ProcessInitializeOnLoadAttributes (519ms)
				ProcessInitializeOnLoadMethodAttributes (70ms)
				AfterProcessingInitializeOnLoad (21ms)
				EditorAssembliesLoaded (0ms)
			ExecutionOrderSort2 (0ms)
			AwakeInstancesAfterBackupRestoration (11ms)
Platform modules already initialized, skipping
Refreshing native plugins compatible for Editor in 4.94 ms, found 11 plugins.
Preloading 1 native plugins for Editor in 0.07 ms.
Unloading 3905 Unused Serialized files (Serialized files now loaded: 0)
Unloading 35 unused Assets / (80.8 KB). Loaded Objects now: 4419.
Memory consumption went from 141.4 MB to 141.3 MB.
Total: 3.344800 ms (FindLiveObjects: 0.285200 ms CreateObjectMapping: 0.182600 ms MarkObjects: 2.782100 ms  DeleteObjects: 0.093500 ms)

AssetImportParameters requested are different than current active one (requested -> active):
  custom:video-decoder-ogg-theora: a1e56fd34408186e4bbccfd4996cb3dc -> 
  custom:container-muxer-webm: aa71ff27fc2769a1b78a27578f13a17b -> 
  custom:container-demuxer-webm: 4f35f7cbe854078d1ac9338744f61a02 -> 
  custom:video-encoder-webm-vp8: eb34c28f22e8b96e1ab97ce403110664 -> 
  custom:audio-encoder-webm-vorbis: bf7c407c2cedff20999df2af8eb42d56 -> 
  custom:framework-win-MediaFoundation: 216162199b28c13a410421893ffa2e32 -> 
  custom:container-demuxer-ogg: 62fdf1f143b41e24485cea50d1cbac27 -> 
  custom:video-decoder-webm-vp8: 9c59270c3fd7afecdb556c50c9e8de78 -> 
  custom:audio-decoder-ogg-vorbis: bf7c407c2cedff20999df2af8eb42d56 -> 
========================================================================
Received Prepare
Registering precompiled user dll's ...
Registered in 0.011603 seconds.
Begin MonoManager ReloadAssembly
Symbol file LoadedFromMemory doesn't match image C:\Unity\SelectiveAttentionVR\SelectiveAttentionVR\Library\PackageCache\com.unity.visualscripting@1.7.6\Editor\VisualScripting.Core\Dependencies\DotNetZip\Unity.VisualScripting.IonicZip.dll
Symbol file LoadedFromMemory doesn't match image C:\Unity\SelectiveAttentionVR\SelectiveAttentionVR\Library\PackageCache\com.unity.visualscripting@1.7.6\Editor\VisualScripting.Core\Dependencies\YamlDotNet\Unity.VisualScripting.YamlDotNet.dll
Symbol file LoadedFromMemory is not a mono symbol file
Native extension for WindowsStandalone target not found
Native extension for Android target not found
Native extension for WebGL target not found
Refreshing native plugins compatible for Editor in 1.41 ms, found 11 plugins.
Preloading 1 native plugins for Editor in 0.12 ms.
System.Reflection.TargetInvocationException: Exception has been thrown by the target of an invocation. ---> System.NullReferenceException: Object reference not set to an instance of an object
  at Unity.XR.Oculus.OculusLoader.AssetPathToAbsolutePath (System.String assetPath) [0x00041] in C:\Unity\SelectiveAttentionVR\SelectiveAttentionVR\Library\PackageCache\com.unity.xr.oculus@3.0.0\Runtime\OculusLoader.cs:257 
  at Unity.XR.Oculus.OculusLoader.EditorLoadOVRPlugin () [0x000b0] in C:\Unity\SelectiveAttentionVR\SelectiveAttentionVR\Library\PackageCache\com.unity.xr.oculus@3.0.0\Runtime\OculusLoader.cs:242 
  at (wrapper managed-to-native) System.Reflection.RuntimeMethodInfo.InternalInvoke(System.Reflection.RuntimeMethodInfo,object,object[],System.Exception&)
  at System.Reflection.RuntimeMethodInfo.Invoke (System.Object obj, System.Reflection.BindingFlags invokeAttr, System.Reflection.Binder binder, System.Object[] parameters, System.Globalization.CultureInfo culture) [0x0006a] in <6073cf49ed704e958b8a66d540dea948>:0 
   --- End of inner exception stack trace ---
  at System.Reflection.RuntimeMethodInfo.Invoke (System.Object obj, System.Reflection.BindingFlags invokeAttr, System.Reflection.Binder binder, System.Object[] parameters, System.Globalization.CultureInfo culture) [0x00083] in <6073cf49ed704e958b8a66d540dea948>:0 
  at System.Reflection.MethodBase.Invoke (System.Object obj, System.Object[] parameters) [0x00000] in <6073cf49ed704e958b8a66d540dea948>:0 
  at UnityEditor.EditorAssemblies.ProcessInitializeOnLoadMethodAttributes () [0x000a5] in <1135c66e5f4c41a7831fa5798849d8b6>:0 
UnityEngine.StackTraceUtility:ExtractStackTrace ()
UnityEngine.DebugLogHandler:LogFormat (UnityEngine.LogType,UnityEngine.Object,string,object[])
UnityEngine.Logger:Log (UnityEngine.LogType,object)
UnityEngine.Debug:LogError (object)
UnityEditor.EditorAssemblies:ProcessInitializeOnLoadMethodAttributes ()

Mono: successfully reloaded assembly
- Completed reload, in  1.746 seconds
Domain Reload Profiling:
	ReloadAssembly (1747ms)
		BeginReloadAssembly (177ms)
			ExecutionOrderSort (0ms)
			DisableScriptedObjects (8ms)
			BackupInstance (0ms)
			ReleaseScriptingObjects (0ms)
			CreateAndSetChildDomain (47ms)
		EndReloadAssembly (1420ms)
			LoadAssemblies (119ms)
			RebuildTransferFunctionScriptingTraits (0ms)
			SetupTypeCache (419ms)
			ReleaseScriptCaches (1ms)
			RebuildScriptCaches (71ms)
			SetupLoadedEditorAssemblies (735ms)
				LogAssemblyErrors (0ms)
				InitializePlatformSupportModulesInManaged (34ms)
				SetLoadedEditorAssemblies (1ms)
				RefreshPlugins (2ms)
				BeforeProcessingInitializeOnLoad (147ms)
				ProcessInitializeOnLoadAttributes (487ms)
				ProcessInitializeOnLoadMethodAttributes (53ms)
				AfterProcessingInitializeOnLoad (11ms)
				EditorAssembliesLoaded (0ms)
			ExecutionOrderSort2 (0ms)
			AwakeInstancesAfterBackupRestoration (7ms)
Platform modules already initialized, skipping
Refreshing native plugins compatible for Editor in 5.70 ms, found 11 plugins.
Preloading 1 native plugins for Editor in 0.09 ms.
Unloading 3905 Unused Serialized files (Serialized files now loaded: 0)
Unloading 35 unused Assets / (80.7 KB). Loaded Objects now: 4423.
Memory consumption went from 141.4 MB to 141.3 MB.
Total: 5.240500 ms (FindLiveObjects: 0.321300 ms CreateObjectMapping: 0.362900 ms MarkObjects: 4.447600 ms  DeleteObjects: 0.107600 ms)

AssetImportParameters requested are different than current active one (requested -> active):
  custom:video-decoder-ogg-theora: a1e56fd34408186e4bbccfd4996cb3dc -> 
  custom:container-muxer-webm: aa71ff27fc2769a1b78a27578f13a17b -> 
  custom:container-demuxer-webm: 4f35f7cbe854078d1ac9338744f61a02 -> 
  custom:video-encoder-webm-vp8: eb34c28f22e8b96e1ab97ce403110664 -> 
  custom:audio-encoder-webm-vorbis: bf7c407c2cedff20999df2af8eb42d56 -> 
  custom:framework-win-MediaFoundation: 216162199b28c13a410421893ffa2e32 -> 
  custom:container-demuxer-ogg: 62fdf1f143b41e24485cea50d1cbac27 -> 
  custom:video-decoder-webm-vp8: 9c59270c3fd7afecdb556c50c9e8de78 -> 
  custom:audio-decoder-ogg-vorbis: bf7c407c2cedff20999df2af8eb42d56 -> 
========================================================================
Received Prepare
Registering precompiled user dll's ...
Registered in 0.014910 seconds.
Begin MonoManager ReloadAssembly
Symbol file LoadedFromMemory doesn't match image C:\Unity\SelectiveAttentionVR\SelectiveAttentionVR\Library\PackageCache\com.unity.visualscripting@1.7.6\Editor\VisualScripting.Core\Dependencies\DotNetZip\Unity.VisualScripting.IonicZip.dll
Symbol file LoadedFromMemory doesn't match image C:\Unity\SelectiveAttentionVR\SelectiveAttentionVR\Library\PackageCache\com.unity.visualscripting@1.7.6\Editor\VisualScripting.Core\Dependencies\YamlDotNet\Unity.VisualScripting.YamlDotNet.dll
Symbol file LoadedFromMemory is not a mono symbol file
Native extension for WindowsStandalone target not found
Native extension for Android target not found
Native extension for WebGL target not found
Refreshing native plugins compatible for Editor in 1.43 ms, found 11 plugins.
Preloading 1 native plugins for Editor in 0.13 ms.
System.Reflection.TargetInvocationException: Exception has been thrown by the target of an invocation. ---> System.NullReferenceException: Object reference not set to an instance of an object
  at Unity.XR.Oculus.OculusLoader.AssetPathToAbsolutePath (System.String assetPath) [0x00041] in C:\Unity\SelectiveAttentionVR\SelectiveAttentionVR\Library\PackageCache\com.unity.xr.oculus@3.0.0\Runtime\OculusLoader.cs:257 
  at Unity.XR.Oculus.OculusLoader.EditorLoadOVRPlugin () [0x000b0] in C:\Unity\SelectiveAttentionVR\SelectiveAttentionVR\Library\PackageCache\com.unity.xr.oculus@3.0.0\Runtime\OculusLoader.cs:242 
  at (wrapper managed-to-native) System.Reflection.RuntimeMethodInfo.InternalInvoke(System.Reflection.RuntimeMethodInfo,object,object[],System.Exception&)
  at System.Reflection.RuntimeMethodInfo.Invoke (System.Object obj, System.Reflection.BindingFlags invokeAttr, System.Reflection.Binder binder, System.Object[] parameters, System.Globalization.CultureInfo culture) [0x0006a] in <6073cf49ed704e958b8a66d540dea948>:0 
   --- End of inner exception stack trace ---
  at System.Reflection.RuntimeMethodInfo.Invoke (System.Object obj, System.Reflection.BindingFlags invokeAttr, System.Reflection.Binder binder, System.Object[] parameters, System.Globalization.CultureInfo culture) [0x00083] in <6073cf49ed704e958b8a66d540dea948>:0 
  at System.Reflection.MethodBase.Invoke (System.Object obj, System.Object[] parameters) [0x00000] in <6073cf49ed704e958b8a66d540dea948>:0 
  at UnityEditor.EditorAssemblies.ProcessInitializeOnLoadMethodAttributes () [0x000a5] in <1135c66e5f4c41a7831fa5798849d8b6>:0 
UnityEngine.StackTraceUtility:ExtractStackTrace ()
UnityEngine.DebugLogHandler:LogFormat (UnityEngine.LogType,UnityEngine.Object,string,object[])
UnityEngine.Logger:Log (UnityEngine.LogType,object)
UnityEngine.Debug:LogError (object)
UnityEditor.EditorAssemblies:ProcessInitializeOnLoadMethodAttributes ()

Mono: successfully reloaded assembly
- Completed reload, in  1.665 seconds
Domain Reload Profiling:
	ReloadAssembly (1666ms)
		BeginReloadAssembly (200ms)
			ExecutionOrderSort (0ms)
			DisableScriptedObjects (10ms)
			BackupInstance (0ms)
			ReleaseScriptingObjects (0ms)
			CreateAndSetChildDomain (50ms)
		EndReloadAssembly (1342ms)
			LoadAssemblies (137ms)
			RebuildTransferFunctionScriptingTraits (0ms)
			SetupTypeCache (387ms)
			ReleaseScriptCaches (2ms)
			RebuildScriptCaches (63ms)
			SetupLoadedEditorAssemblies (673ms)
				LogAssemblyErrors (0ms)
				InitializePlatformSupportModulesInManaged (39ms)
				SetLoadedEditorAssemblies (1ms)
				RefreshPlugins (2ms)
				BeforeProcessingInitializeOnLoad (118ms)
				ProcessInitializeOnLoadAttributes (439ms)
				ProcessInitializeOnLoadMethodAttributes (60ms)
				AfterProcessingInitializeOnLoad (15ms)
				EditorAssembliesLoaded (0ms)
			ExecutionOrderSort2 (0ms)
			AwakeInstancesAfterBackupRestoration (8ms)
Platform modules already initialized, skipping
Refreshing native plugins compatible for Editor in 5.01 ms, found 11 plugins.
Preloading 1 native plugins for Editor in 0.08 ms.
Unloading 3905 Unused Serialized files (Serialized files now loaded: 0)
Unloading 35 unused Assets / (80.7 KB). Loaded Objects now: 4427.
Memory consumption went from 141.4 MB to 141.4 MB.
Total: 3.173900 ms (FindLiveObjects: 0.307700 ms CreateObjectMapping: 0.207400 ms MarkObjects: 2.580000 ms  DeleteObjects: 0.078000 ms)

AssetImportParameters requested are different than current active one (requested -> active):
  custom:video-decoder-ogg-theora: a1e56fd34408186e4bbccfd4996cb3dc -> 
  custom:container-muxer-webm: aa71ff27fc2769a1b78a27578f13a17b -> 
  custom:container-demuxer-webm: 4f35f7cbe854078d1ac9338744f61a02 -> 
  custom:video-encoder-webm-vp8: eb34c28f22e8b96e1ab97ce403110664 -> 
  custom:audio-encoder-webm-vorbis: bf7c407c2cedff20999df2af8eb42d56 -> 
  custom:framework-win-MediaFoundation: 216162199b28c13a410421893ffa2e32 -> 
  custom:container-demuxer-ogg: 62fdf1f143b41e24485cea50d1cbac27 -> 
  custom:video-decoder-webm-vp8: 9c59270c3fd7afecdb556c50c9e8de78 -> 
  custom:audio-decoder-ogg-vorbis: bf7c407c2cedff20999df2af8eb42d56 -> 
========================================================================
Received Import Request.
  Time since last request: 11755.362599 seconds.
  path: Assets/Free/Wooden Floor Pack
  artifactKey: Guid(bae0d7bdfa2c8c6439b95f0bcdd8a22d) Importer(815301076,1909f56bfc062723c751e8b465ee728b)
Start importing Assets/Free/Wooden Floor Pack using Guid(bae0d7bdfa2c8c6439b95f0bcdd8a22d) Importer(815301076,1909f56bfc062723c751e8b465ee728b)  -> (artifact id: '9241c3da70277ea3345804ae78675671') in 0.016700 seconds 
========================================================================
Received Import Request.
  Time since last request: 0.685717 seconds.
  path: Assets/Free/Wooden Floor Pack/Textures
  artifactKey: Guid(cb8eb2715f75fd749a4ef1d2a357ca53) Importer(815301076,1909f56bfc062723c751e8b465ee728b)
Start importing Assets/Free/Wooden Floor Pack/Textures using Guid(cb8eb2715f75fd749a4ef1d2a357ca53) Importer(815301076,1909f56bfc062723c751e8b465ee728b)  -> (artifact id: '7a22c202977b335068f8d4628bd3240d') in 0.010511 seconds 
========================================================================
Received Import Request.
  Time since last request: 0.989177 seconds.
  path: Assets/Free/Wooden Floor Pack/Textures/Wooden Floor
  artifactKey: Guid(41e485d614b14d64698328c400d3ae48) Importer(815301076,1909f56bfc062723c751e8b465ee728b)
Start importing Assets/Free/Wooden Floor Pack/Textures/Wooden Floor using Guid(41e485d614b14d64698328c400d3ae48) Importer(815301076,1909f56bfc062723c751e8b465ee728b)  -> (artifact id: 'f6d58c58f7725e915529ef7a072893fc') in 0.009228 seconds 
========================================================================
Received Import Request.
  Time since last request: 0.042368 seconds.
  path: Assets/Free/Wooden Floor Pack/Textures/Wooden Floor/Wooden Floor_4K_Albedo.tga
  artifactKey: Guid(8e343a29d61854e4ea2e2d3a6d86f82c) Importer(815301076,1909f56bfc062723c751e8b465ee728b)
Start importing Assets/Free/Wooden Floor Pack/Textures/Wooden Floor/Wooden Floor_4K_Albedo.tga using Guid(8e343a29d61854e4ea2e2d3a6d86f82c) Importer(815301076,1909f56bfc062723c751e8b465ee728b)  -> (artifact id: '9b34c75f7e27342652aea407f1ce573f') in 0.109712 seconds 
========================================================================
Received Import Request.
  Time since last request: 0.000029 seconds.
  path: Assets/Free/Wooden Floor Pack/Textures/Wooden Floor/Wooden Floor_4K_Metalness.tga
  artifactKey: Guid(7e834f07a4703ef43bc7966cfb2b793b) Importer(815301076,1909f56bfc062723c751e8b465ee728b)
Start importing Assets/Free/Wooden Floor Pack/Textures/Wooden Floor/Wooden Floor_4K_Metalness.tga using Guid(7e834f07a4703ef43bc7966cfb2b793b) Importer(815301076,1909f56bfc062723c751e8b465ee728b)  -> (artifact id: '43b156c0b3488b807bdab3cc9a9ca16c') in 0.095302 seconds 
========================================================================
Received Import Request.
  Time since last request: 0.000050 seconds.
  path: Assets/Free/Wooden Floor Pack/Textures/Wooden Floor/Wooden Floor_4K_Roughness.tga
  artifactKey: Guid(7136ec304def3064fb21aa4ba8a0502e) Importer(815301076,1909f56bfc062723c751e8b465ee728b)
Start importing Assets/Free/Wooden Floor Pack/Textures/Wooden Floor/Wooden Floor_4K_Roughness.tga using Guid(7136ec304def3064fb21aa4ba8a0502e) Importer(815301076,1909f56bfc062723c751e8b465ee728b)  -> (artifact id: '632415117485e76176bca8a02a80c275') in 0.058195 seconds 
========================================================================
Received Import Request.
  Time since last request: 26.087127 seconds.
  path: Assets/GameReadyAssets
  artifactKey: Guid(e8939aa3a413f7e4ebde6ba1d316667a) Importer(815301076,1909f56bfc062723c751e8b465ee728b)
Start importing Assets/GameReadyAssets using Guid(e8939aa3a413f7e4ebde6ba1d316667a) Importer(815301076,1909f56bfc062723c751e8b465ee728b)  -> (artifact id: '4b15259e0ae39aa09f56a756c65a994e') in 0.011159 seconds 
========================================================================
Received Import Request.
  Time since last request: 3.927803 seconds.
  path: Assets/Graphics
  artifactKey: Guid(e1785a5e04eb67d488c4e7c9471f7cd0) Importer(815301076,1909f56bfc062723c751e8b465ee728b)
Start importing Assets/Graphics using Guid(e1785a5e04eb67d488c4e7c9471f7cd0) Importer(815301076,1909f56bfc062723c751e8b465ee728b)  -> (artifact id: '5dc8f0c39677533f9160f77c610f6ffb') in 0.011456 seconds 
========================================================================
Received Import Request.
  Time since last request: 1.442228 seconds.
  path: Assets/GameReadyAssets/FurniturePack1
  artifactKey: Guid(c4f16ff7047f0514892a8443d5c07a1d) Importer(815301076,1909f56bfc062723c751e8b465ee728b)
Start importing Assets/GameReadyAssets/FurniturePack1 using Guid(c4f16ff7047f0514892a8443d5c07a1d) Importer(815301076,1909f56bfc062723c751e8b465ee728b)  -> (artifact id: '34dcf7d1e7807470b3235ee7c2576c54') in 0.011399 seconds 
========================================================================
Received Import Request.
  Time since last request: 1.777548 seconds.
  path: Assets/GameReadyAssets/FurniturePack1/Shader
  artifactKey: Guid(c4af88174ff166f41a4984d802d1d4fd) Importer(815301076,1909f56bfc062723c751e8b465ee728b)
Start importing Assets/GameReadyAssets/FurniturePack1/Shader using Guid(c4af88174ff166f41a4984d802d1d4fd) Importer(815301076,1909f56bfc062723c751e8b465ee728b)  -> (artifact id: '43207cb72f5b80ce9398b1bb647afac4') in 0.010374 seconds 
========================================================================
Received Import Request.
  Time since last request: 1.350617 seconds.
  path: Assets/GameReadyAssets/FurniturePack1/Prefabs
  artifactKey: Guid(e0bff077f2e2a234fbe3c72ed0612892) Importer(815301076,1909f56bfc062723c751e8b465ee728b)
Start importing Assets/GameReadyAssets/FurniturePack1/Prefabs using Guid(e0bff077f2e2a234fbe3c72ed0612892) Importer(815301076,1909f56bfc062723c751e8b465ee728b)  -> (artifact id: 'bb5bb10ad810291c9664128800a3f952') in 0.009297 seconds 
========================================================================
Received Import Request.
  Time since last request: 0.066031 seconds.
  path: Assets/GameReadyAssets/FurniturePack1/Prefabs/Desk02.prefab
  artifactKey: Guid(f065d05a9e86ea249ac0bf4b705a077d) Importer(815301076,1909f56bfc062723c751e8b465ee728b)
Start importing Assets/GameReadyAssets/FurniturePack1/Prefabs/Desk02.prefab using Guid(f065d05a9e86ea249ac0bf4b705a077d) Importer(815301076,1909f56bfc062723c751e8b465ee728b)  -> (artifact id: 'f173048ece7efa59d2e07d979955d821') in 0.182980 seconds 
========================================================================
Received Import Request.
  Time since last request: 0.000040 seconds.
  path: Assets/GameReadyAssets/FurniturePack1/Prefabs/Desk07.prefab
  artifactKey: Guid(6bae989d621c657439efaafc064e2e6f) Importer(815301076,1909f56bfc062723c751e8b465ee728b)
Start importing Assets/GameReadyAssets/FurniturePack1/Prefabs/Desk07.prefab using Guid(6bae989d621c657439efaafc064e2e6f) Importer(815301076,1909f56bfc062723c751e8b465ee728b)  -> (artifact id: '46277de11a1897cf2122ca5d2ba8dac5') in 0.089134 seconds 
========================================================================
Received Import Request.
  Time since last request: 10.974215 seconds.
  path: Assets/GameReadyAssets/FurniturePack1/ModularRoom
  artifactKey: Guid(0dbdadc05c51eb849aead644d6b19436) Importer(815301076,1909f56bfc062723c751e8b465ee728b)
Start importing Assets/GameReadyAssets/FurniturePack1/ModularRoom using Guid(0dbdadc05c51eb849aead644d6b19436) Importer(815301076,1909f56bfc062723c751e8b465ee728b)  -> (artifact id: 'dd24c26b57abb9b8eb7ff1e8429f67ff') in 0.010811 seconds 
========================================================================
Received Import Request.
  Time since last request: 0.051943 seconds.
  path: Assets/GameReadyAssets/FurniturePack1/ModularRoom/Floor.mat
  artifactKey: Guid(3e684c3e0d965864ab5fb632a250d865) Importer(815301076,1909f56bfc062723c751e8b465ee728b)
Start importing Assets/GameReadyAssets/FurniturePack1/ModularRoom/Floor.mat using Guid(3e684c3e0d965864ab5fb632a250d865) Importer(815301076,1909f56bfc062723c751e8b465ee728b)  -> (artifact id: 'a38323da5f6ae8928a0770751251fad9') in 0.169153 seconds 
========================================================================
Received Import Request.
  Time since last request: 0.000027 seconds.
  path: Assets/GameReadyAssets/FurniturePack1/ModularRoom/ModularRoom.fbx
  artifactKey: Guid(620f774168b2d2e41825625cc708ec2d) Importer(815301076,1909f56bfc062723c751e8b465ee728b)
Start importing Assets/GameReadyAssets/FurniturePack1/ModularRoom/ModularRoom.fbx using Guid(620f774168b2d2e41825625cc708ec2d) Importer(815301076,1909f56bfc062723c751e8b465ee728b)  -> (artifact id: 'feca04d6e525b6ab49b325ac0498d710') in 0.214429 seconds 
========================================================================
Received Import Request.
  Time since last request: 4.999468 seconds.
  path: Assets/GameReadyAssets/FurniturePack1/ModularRoom/ModularRoom.fbx
  artifactKey: Guid(620f774168b2d2e41825625cc708ec2d) Importer(815301076,1909f56bfc062723c751e8b465ee728b)
Start importing Assets/GameReadyAssets/FurniturePack1/ModularRoom/ModularRoom.fbx using Guid(620f774168b2d2e41825625cc708ec2d) Importer(815301076,1909f56bfc062723c751e8b465ee728b)  -> (artifact id: 'b3463291a611a829ba0946d515688f43') in 0.102044 seconds 
========================================================================
Received Import Request.
  Time since last request: 17.306032 seconds.
  path: Assets/GameReadyAssets/FurniturePack1/Art
  artifactKey: Guid(a16005adb4aca1744ad25357bf39347b) Importer(815301076,1909f56bfc062723c751e8b465ee728b)
Start importing Assets/GameReadyAssets/FurniturePack1/Art using Guid(a16005adb4aca1744ad25357bf39347b) Importer(815301076,1909f56bfc062723c751e8b465ee728b)  -> (artifact id: '41d4af175910f0e1d286bbe915bbf44f') in 0.011784 seconds 
========================================================================
Received Import Request.
  Time since last request: 1.241890 seconds.
  path: Assets/GameReadyAssets/FurniturePack1/Art/Desk10_Simple
  artifactKey: Guid(246e5b1073b74eb44b724e58349edf0c) Importer(815301076,1909f56bfc062723c751e8b465ee728b)
Start importing Assets/GameReadyAssets/FurniturePack1/Art/Desk10_Simple using Guid(246e5b1073b74eb44b724e58349edf0c) Importer(815301076,1909f56bfc062723c751e8b465ee728b)  -> (artifact id: '512d91f5aab137efc9b1c138777b9740') in 0.004162 seconds 
========================================================================
Received Import Request.
  Time since last request: 138.328638 seconds.
  path: Assets/GameReadyAssets/FurniturePack1/Art/Desk10
  artifactKey: Guid(c6b5c1572289a8d43bc625d9993c064d) Importer(815301076,1909f56bfc062723c751e8b465ee728b)
Start importing Assets/GameReadyAssets/FurniturePack1/Art/Desk10 using Guid(c6b5c1572289a8d43bc625d9993c064d) Importer(815301076,1909f56bfc062723c751e8b465ee728b)  -> (artifact id: 'f438790df6c389a98a0f31c8e3d617d8') in 0.010999 seconds 
========================================================================
Received Import Request.
  Time since last request: 3.543651 seconds.
  path: Assets/GameReadyAssets/FurniturePack1/Art/Desk04
  artifactKey: Guid(cdddfed7280467543a5c82f96bf47af9) Importer(815301076,1909f56bfc062723c751e8b465ee728b)
Start importing Assets/GameReadyAssets/FurniturePack1/Art/Desk04 using Guid(cdddfed7280467543a5c82f96bf47af9) Importer(815301076,1909f56bfc062723c751e8b465ee728b)  -> (artifact id: '563f43888eac237f1dd657e2940ed94b') in 0.009686 seconds 
========================================================================
Received Import Request.
  Time since last request: 9.311146 seconds.
  path: Assets/GameReadyAssets/FurniturePack1/Art/Desk02
  artifactKey: Guid(adf8883d0aeb8804d90dfb61000ab9de) Importer(815301076,1909f56bfc062723c751e8b465ee728b)
Start importing Assets/GameReadyAssets/FurniturePack1/Art/Desk02 using Guid(adf8883d0aeb8804d90dfb61000ab9de) Importer(815301076,1909f56bfc062723c751e8b465ee728b)  -> (artifact id: '28a750cc8ca665638b87669ea46bb658') in 0.014247 seconds 
========================================================================
Received Import Request.
  Time since last request: 8.008044 seconds.
  path: Assets/iPoly3D
  artifactKey: Guid(d8f1aeb60e60d634286abcd00fd33593) Importer(815301076,1909f56bfc062723c751e8b465ee728b)
Start importing Assets/iPoly3D using Guid(d8f1aeb60e60d634286abcd00fd33593) Importer(815301076,1909f56bfc062723c751e8b465ee728b)  -> (artifact id: '810c06c2d57e6e82cb7995571540db1b') in 0.013826 seconds 
========================================================================
Received Import Request.
  Time since last request: 0.725014 seconds.
  path: Assets/iPoly3D/Server Room
  artifactKey: Guid(9d177cb8e3982014ab60e168a5520323) Importer(815301076,1909f56bfc062723c751e8b465ee728b)
Start importing Assets/iPoly3D/Server Room using Guid(9d177cb8e3982014ab60e168a5520323) Importer(815301076,1909f56bfc062723c751e8b465ee728b)  -> (artifact id: 'e04e5301c6bfc13df542c291f6b2859d') in 0.014279 seconds 
========================================================================
Received Import Request.
  Time since last request: 1.072826 seconds.
  path: Assets/iPoly3D/Server Room/Textures
  artifactKey: Guid(28faa655397457142b3d0265ac7c54e0) Importer(815301076,1909f56bfc062723c751e8b465ee728b)
Start importing Assets/iPoly3D/Server Room/Textures using Guid(28faa655397457142b3d0265ac7c54e0) Importer(815301076,1909f56bfc062723c751e8b465ee728b)  -> (artifact id: '53a657ccda08dabae977b332956e8c44') in 0.014370 seconds 
========================================================================
Received Import Request.
  Time since last request: 0.070722 seconds.
  path: Assets/iPoly3D/Server Room/Textures/lowpoly_server_texture.png
  artifactKey: Guid(44892a2cfa86ce74bbf600973facaebc) Importer(815301076,1909f56bfc062723c751e8b465ee728b)
Start importing Assets/iPoly3D/Server Room/Textures/lowpoly_server_texture.png using Guid(44892a2cfa86ce74bbf600973facaebc) Importer(815301076,1909f56bfc062723c751e8b465ee728b)  -> (artifact id: '6b52c1ea07da2a9aa97c0d196597f0c1') in 0.053832 seconds 
========================================================================
Received Import Request.
  Time since last request: 2.122442 seconds.
  path: Assets/iPoly3D/Server Room/Materials
  artifactKey: Guid(be9eb59d142b66f4a96da81a478d9b78) Importer(815301076,1909f56bfc062723c751e8b465ee728b)
Start importing Assets/iPoly3D/Server Room/Materials using Guid(be9eb59d142b66f4a96da81a478d9b78) Importer(815301076,1909f56bfc062723c751e8b465ee728b)  -> (artifact id: '91128c174d64f2060e7b087a68cc9564') in 0.014495 seconds 
========================================================================
Received Import Request.
  Time since last request: 1.500596 seconds.
  path: Assets/iPoly3D/Server Room/Prefabs
  artifactKey: Guid(7299c43b87688954182edc8a3a9abda2) Importer(815301076,1909f56bfc062723c751e8b465ee728b)
Start importing Assets/iPoly3D/Server Room/Prefabs using Guid(7299c43b87688954182edc8a3a9abda2) Importer(815301076,1909f56bfc062723c751e8b465ee728b)  -> (artifact id: '9ccd67464cbe097e7cd7383d0955ffc8') in 0.012298 seconds 
========================================================================
Received Import Request.
  Time since last request: 0.052233 seconds.
  path: Assets/iPoly3D/Server Room/Prefabs/ceiling_light.prefab
  artifactKey: Guid(c90faeda1ce307e418ee73344aa5e431) Importer(815301076,1909f56bfc062723c751e8b465ee728b)
Start importing Assets/iPoly3D/Server Room/Prefabs/ceiling_light.prefab using Guid(c90faeda1ce307e418ee73344aa5e431) Importer(815301076,1909f56bfc062723c751e8b465ee728b)  -> (artifact id: '2afae94137a5e22e04a33c70c92150c6') in 0.039699 seconds 
========================================================================
Received Import Request.
  Time since last request: 0.000019 seconds.
  path: Assets/iPoly3D/Server Room/Prefabs/pc.prefab
  artifactKey: Guid(424622fb2f5ecf54b87e7c616e7ec1dd) Importer(815301076,1909f56bfc062723c751e8b465ee728b)
Start importing Assets/iPoly3D/Server Room/Prefabs/pc.prefab using Guid(424622fb2f5ecf54b87e7c616e7ec1dd) Importer(815301076,1909f56bfc062723c751e8b465ee728b)  -> (artifact id: 'fbf0494201bf041b03ebbb07ad6e376e') in 0.056520 seconds 
========================================================================
Received Import Request.
  Time since last request: 0.000028 seconds.
  path: Assets/iPoly3D/Server Room/Prefabs/display.004.prefab
  artifactKey: Guid(f78cb5e3a28483a41b34edc8c1b57ca1) Importer(815301076,1909f56bfc062723c751e8b465ee728b)
Start importing Assets/iPoly3D/Server Room/Prefabs/display.004.prefab using Guid(f78cb5e3a28483a41b34edc8c1b57ca1) Importer(815301076,1909f56bfc062723c751e8b465ee728b)  -> (artifact id: '508358485e1b6cad067ca279dd8bb710') in 0.044228 seconds 
========================================================================
Received Import Request.
  Time since last request: 0.000033 seconds.
  path: Assets/iPoly3D/Server Room/Prefabs/corner.prefab
  artifactKey: Guid(e1ff1d8d5ca1e744e9735e8cf3e51fb4) Importer(815301076,1909f56bfc062723c751e8b465ee728b)
Start importing Assets/iPoly3D/Server Room/Prefabs/corner.prefab using Guid(e1ff1d8d5ca1e744e9735e8cf3e51fb4) Importer(815301076,1909f56bfc062723c751e8b465ee728b)  -> (artifact id: '6c698e5f90ef8f9144079bbb8f0d92c3') in 0.056489 seconds 
========================================================================
Received Import Request.
  Time since last request: 0.000026 seconds.
  path: Assets/iPoly3D/Server Room/Prefabs/pencilbox.prefab
  artifactKey: Guid(74706bb29dd2f754f8d23c7af6e47e82) Importer(815301076,1909f56bfc062723c751e8b465ee728b)
Start importing Assets/iPoly3D/Server Room/Prefabs/pencilbox.prefab using Guid(74706bb29dd2f754f8d23c7af6e47e82) Importer(815301076,1909f56bfc062723c751e8b465ee728b)  -> (artifact id: '78ab52849d34a5ffe6b81dc7434022b8') in 0.064750 seconds 
========================================================================
Received Import Request.
  Time since last request: 0.000031 seconds.
  path: Assets/iPoly3D/Server Room/Prefabs/screen.prefab
  artifactKey: Guid(a0aa93537ddb2224497aca7d5ddab426) Importer(815301076,1909f56bfc062723c751e8b465ee728b)
Start importing Assets/iPoly3D/Server Room/Prefabs/screen.prefab using Guid(a0aa93537ddb2224497aca7d5ddab426) Importer(815301076,1909f56bfc062723c751e8b465ee728b)  -> (artifact id: 'e2b4de0c5e34c59b4d4690545308e70b') in 0.049265 seconds 
========================================================================
Received Import Request.
  Time since last request: 14.854154 seconds.
  path: Assets/iPoly3D/Server Room/Materials/Glass.mat
  artifactKey: Guid(5786f1117a840014b8ab40c3c7a18c22) Importer(815301076,1909f56bfc062723c751e8b465ee728b)
Start importing Assets/iPoly3D/Server Room/Materials/Glass.mat using Guid(5786f1117a840014b8ab40c3c7a18c22) Importer(815301076,1909f56bfc062723c751e8b465ee728b)  -> (artifact id: '2d628096f37be3168b47734d2f114082') in 0.036170 seconds 
========================================================================
Received Import Request.
  Time since last request: 3.702633 seconds.
  path: Assets/iPoly3D/Server Room/Models
  artifactKey: Guid(2153cb113503597469d7407ed2f0a053) Importer(815301076,1909f56bfc062723c751e8b465ee728b)
Start importing Assets/iPoly3D/Server Room/Models using Guid(2153cb113503597469d7407ed2f0a053) Importer(815301076,1909f56bfc062723c751e8b465ee728b)  -> (artifact id: '015276984b5145b3d096cdd57610d46e') in 0.013732 seconds 
========================================================================
Received Import Request.
  Time since last request: 0.056921 seconds.
  path: Assets/iPoly3D/Server Room/Models/airvent.fbx
  artifactKey: Guid(23f52b54fe7d69e4884b5cecfc96ea21) Importer(815301076,1909f56bfc062723c751e8b465ee728b)
Start importing Assets/iPoly3D/Server Room/Models/airvent.fbx using Guid(23f52b54fe7d69e4884b5cecfc96ea21) Importer(815301076,1909f56bfc062723c751e8b465ee728b)  -> (artifact id: '84e6779ba401e5cbee8012266e2e18e0') in 0.039299 seconds 
========================================================================
Received Import Request.
  Time since last request: 0.000029 seconds.
  path: Assets/iPoly3D/Server Room/Models/floor.fbx
  artifactKey: Guid(361304d3fae5941428b06ae89e350aef) Importer(815301076,1909f56bfc062723c751e8b465ee728b)
Start importing Assets/iPoly3D/Server Room/Models/floor.fbx using Guid(361304d3fae5941428b06ae89e350aef) Importer(815301076,1909f56bfc062723c751e8b465ee728b)  -> (artifact id: '7721be50103c4b7e2297f5794eb11da6') in 0.057353 seconds 
========================================================================
Received Import Request.
  Time since last request: 0.000022 seconds.
  path: Assets/iPoly3D/Server Room/Models/panel.fbx
  artifactKey: Guid(6c0dccc34dccb644c92e648bd6e4e73a) Importer(815301076,1909f56bfc062723c751e8b465ee728b)
Start importing Assets/iPoly3D/Server Room/Models/panel.fbx using Guid(6c0dccc34dccb644c92e648bd6e4e73a) Importer(815301076,1909f56bfc062723c751e8b465ee728b)  -> (artifact id: 'a3febeddef4a4fe2193fd6ff14dad5d5') in 0.089643 seconds 
========================================================================
Received Import Request.
  Time since last request: 0.000023 seconds.
  path: Assets/iPoly3D/Server Room/Models/server.fbx
  artifactKey: Guid(22979a140857f8f49ad4426515414f92) Importer(815301076,1909f56bfc062723c751e8b465ee728b)
Start importing Assets/iPoly3D/Server Room/Models/server.fbx using Guid(22979a140857f8f49ad4426515414f92) Importer(815301076,1909f56bfc062723c751e8b465ee728b)  -> (artifact id: 'f2d0a4878caefe4d33fc24eca5c11edd') in 0.088915 seconds 
========================================================================
Received Import Request.
  Time since last request: 0.000030 seconds.
  path: Assets/iPoly3D/Server Room/Models/coffie.fbx
  artifactKey: Guid(b4157c7e9619751439a4e106a50965d0) Importer(815301076,1909f56bfc062723c751e8b465ee728b)
Start importing Assets/iPoly3D/Server Room/Models/coffie.fbx using Guid(b4157c7e9619751439a4e106a50965d0) Importer(815301076,1909f56bfc062723c751e8b465ee728b)  -> (artifact id: '980184f545cdfa222def5845c296d8ab') in 0.073942 seconds 
========================================================================
Received Import Request.
  Time since last request: 0.000046 seconds.
  path: Assets/iPoly3D/Server Room/Models/corner.fbx
  artifactKey: Guid(39db49ee5060123428669cf915c4bc9b) Importer(815301076,1909f56bfc062723c751e8b465ee728b)
Start importing Assets/iPoly3D/Server Room/Models/corner.fbx using Guid(39db49ee5060123428669cf915c4bc9b) Importer(815301076,1909f56bfc062723c751e8b465ee728b)  -> (artifact id: '53b5393b9ab70700cb453e6fc25306e0') in 0.084763 seconds 
========================================================================
Received Import Request.
  Time since last request: 0.000024 seconds.
  path: Assets/iPoly3D/Server Room/Models/exit_sign.fbx
  artifactKey: Guid(6881db6094cb72c46b8781b50bdb99c1) Importer(815301076,1909f56bfc062723c751e8b465ee728b)
Start importing Assets/iPoly3D/Server Room/Models/exit_sign.fbx using Guid(6881db6094cb72c46b8781b50bdb99c1) Importer(815301076,1909f56bfc062723c751e8b465ee728b)  -> (artifact id: '976550703ddea705733ad3ab37a6389f') in 0.078806 seconds 
========================================================================
Received Import Request.
  Time since last request: 0.000022 seconds.
  path: Assets/iPoly3D/Server Room/Models/pc.fbx
  artifactKey: Guid(e0ee3feddac32804d9bff3c2cc4f3940) Importer(815301076,1909f56bfc062723c751e8b465ee728b)
Start importing Assets/iPoly3D/Server Room/Models/pc.fbx using Guid(e0ee3feddac32804d9bff3c2cc4f3940) Importer(815301076,1909f56bfc062723c751e8b465ee728b)  -> (artifact id: '40d73bd1164febd86f0a2e8ce32d0747') in 0.089172 seconds 
========================================================================
Received Import Request.
  Time since last request: 0.000041 seconds.
  path: Assets/iPoly3D/Server Room/Models/tablet.fbx
  artifactKey: Guid(4f394708c2c904d48bb84b5389f0a9a2) Importer(815301076,1909f56bfc062723c751e8b465ee728b)
Start importing Assets/iPoly3D/Server Room/Models/tablet.fbx using Guid(4f394708c2c904d48bb84b5389f0a9a2) Importer(815301076,1909f56bfc062723c751e8b465ee728b)  -> (artifact id: 'd7308162798fe57bf3965e2d39d48791') in 0.079256 seconds 
========================================================================
Received Import Request.
  Time since last request: 0.000065 seconds.
  path: Assets/iPoly3D/Server Room/Models/chair.fbx
  artifactKey: Guid(020b98f52c31cc1408b7f931a6eca991) Importer(815301076,1909f56bfc062723c751e8b465ee728b)
Start importing Assets/iPoly3D/Server Room/Models/chair.fbx using Guid(020b98f52c31cc1408b7f931a6eca991) Importer(815301076,1909f56bfc062723c751e8b465ee728b)  -> (artifact id: '016b6d723c01c46a5913237b78cfa1ca') in 0.083378 seconds 
========================================================================
Received Import Request.
  Time since last request: 0.000041 seconds.
  path: Assets/iPoly3D/Server Room/Models/display.fbx
  artifactKey: Guid(16ad48e461256924d91d292f869989e1) Importer(815301076,1909f56bfc062723c751e8b465ee728b)
Start importing Assets/iPoly3D/Server Room/Models/display.fbx using Guid(16ad48e461256924d91d292f869989e1) Importer(815301076,1909f56bfc062723c751e8b465ee728b)  -> (artifact id: 'b5f588fc5837c151f2a651f32fbbdfd4') in 0.081417 seconds 
========================================================================
Received Import Request.
  Time since last request: 0.000028 seconds.
  path: Assets/iPoly3D/Server Room/Models/Keyboard.fbx
  artifactKey: Guid(251fbd0380ea83440af7758ab5b258b8) Importer(815301076,1909f56bfc062723c751e8b465ee728b)
Start importing Assets/iPoly3D/Server Room/Models/Keyboard.fbx using Guid(251fbd0380ea83440af7758ab5b258b8) Importer(815301076,1909f56bfc062723c751e8b465ee728b)  -> (artifact id: '56c2489b4aa557faa7fddff8a0cfb4f8') in 0.088526 seconds 
========================================================================
Received Import Request.
  Time since last request: 0.000030 seconds.
  path: Assets/iPoly3D/Server Room/Models/pencil.fbx
  artifactKey: Guid(d788aae496f2d8748886d0047ede1384) Importer(815301076,1909f56bfc062723c751e8b465ee728b)
Start importing Assets/iPoly3D/Server Room/Models/pencil.fbx using Guid(d788aae496f2d8748886d0047ede1384) Importer(815301076,1909f56bfc062723c751e8b465ee728b)  -> (artifact id: '8f9cf0d7fce9025f21986cde1689abc3') in 0.058861 seconds 
========================================================================
Received Import Request.
  Time since last request: 0.000021 seconds.
  path: Assets/iPoly3D/Server Room/Models/security_camera.fbx
  artifactKey: Guid(8ecbf668e1e803b4ca2d1ae1b2a1589a) Importer(815301076,1909f56bfc062723c751e8b465ee728b)
Start importing Assets/iPoly3D/Server Room/Models/security_camera.fbx using Guid(8ecbf668e1e803b4ca2d1ae1b2a1589a) Importer(815301076,1909f56bfc062723c751e8b465ee728b)  -> (artifact id: '075c6cff42b81e735b2f715132146214') in 0.054111 seconds 
========================================================================
Received Import Request.
  Time since last request: 0.000078 seconds.
  path: Assets/iPoly3D/Server Room/Models/ceiling_single.fbx
  artifactKey: Guid(e223518c56d468748b9c706805cf546b) Importer(815301076,1909f56bfc062723c751e8b465ee728b)
Start importing Assets/iPoly3D/Server Room/Models/ceiling_single.fbx using Guid(e223518c56d468748b9c706805cf546b) Importer(815301076,1909f56bfc062723c751e8b465ee728b)  -> (artifact id: '1a7f06f49688db5c759d97ed1ec9b916') in 0.048810 seconds 
========================================================================
Received Import Request.
  Time since last request: 0.000024 seconds.
  path: Assets/iPoly3D/Server Room/Models/password_panel.fbx
  artifactKey: Guid(d87d158441839f446a077a0b00461f87) Importer(815301076,1909f56bfc062723c751e8b465ee728b)
Start importing Assets/iPoly3D/Server Room/Models/password_panel.fbx using Guid(d87d158441839f446a077a0b00461f87) Importer(815301076,1909f56bfc062723c751e8b465ee728b)  -> (artifact id: 'df872625315036ce2994a244f46870b1') in 0.091456 seconds 
========================================================================
Received Import Request.
  Time since last request: 0.000030 seconds.
  path: Assets/iPoly3D/Server Room/Models/server_2.fbx
  artifactKey: Guid(a874ee794ecfbea47ba2369f459daefc) Importer(815301076,1909f56bfc062723c751e8b465ee728b)
Start importing Assets/iPoly3D/Server Room/Models/server_2.fbx using Guid(a874ee794ecfbea47ba2369f459daefc) Importer(815301076,1909f56bfc062723c751e8b465ee728b)  -> (artifact id: 'e3aa84369c2dd339e5e008dd11141510') in 0.058130 seconds 
